<?xml version="1.0" encoding="UTF-8"?>
<testsuite name="com.example.web.HelloControllerTest" tests="2" skipped="0" failures="0" errors="0" timestamp="2020-12-06T13:21:48" hostname="DESKTOP-T0VS20O" time="0.168">
  <properties/>
  <testcase name="hello" classname="com.example.web.HelloControllerTest" time="0.075"/>
  <testcase name="helloDto가_리턴된다" classname="com.example.web.HelloControllerTest" time="0.092"/>
  <system-out><![CDATA[2020-12-06 22:21:47.130  INFO 9232 --- [    Test worker] .b.t.a.w.s.WebMvcTestContextBootstrapper : Neither @ContextConfiguration nor @ContextHierarchy found for test class [com.example.web.HelloControllerTest], using SpringBootContextLoader
2020-12-06 22:21:47.132  INFO 9232 --- [    Test worker] o.s.t.c.support.AbstractContextLoader    : Could not detect default resource locations for test class [com.example.web.HelloControllerTest]: no resource found for suffixes {-context.xml, Context.groovy}.
2020-12-06 22:21:47.133  INFO 9232 --- [    Test worker] t.c.s.AnnotationConfigContextLoaderUtils : Could not detect default configuration classes for test class [com.example.web.HelloControllerTest]: HelloControllerTest does not declare any static, non-private, non-final, nested classes annotated with @Configuration.
2020-12-06 22:21:47.194  INFO 9232 --- [    Test worker] .b.t.c.SpringBootTestContextBootstrapper : Found @SpringBootConfiguration com.example.Main for test class com.example.web.HelloControllerTest
2020-12-06 22:21:47.195  INFO 9232 --- [    Test worker] .b.t.a.w.s.WebMvcTestContextBootstrapper : Loaded default TestExecutionListener class names from location [META-INF/spring.factories]: [org.springframework.security.test.context.support.WithSecurityContextTestExecutionListener, org.springframework.security.test.context.support.ReactorContextTestExecutionListener, org.springframework.boot.test.autoconfigure.restdocs.RestDocsTestExecutionListener, org.springframework.boot.test.autoconfigure.web.client.MockRestServiceServerResetTestExecutionListener, org.springframework.boot.test.autoconfigure.web.servlet.MockMvcPrintOnlyOnFailureTestExecutionListener, org.springframework.boot.test.autoconfigure.web.servlet.WebDriverTestExecutionListener, org.springframework.boot.test.mock.mockito.MockitoTestExecutionListener, org.springframework.boot.test.mock.mockito.ResetMocksTestExecutionListener, org.springframework.test.context.web.ServletTestExecutionListener, org.springframework.test.context.support.DirtiesContextBeforeModesTestExecutionListener, org.springframework.test.context.support.DependencyInjectionTestExecutionListener, org.springframework.test.context.support.DirtiesContextTestExecutionListener, org.springframework.test.context.transaction.TransactionalTestExecutionListener, org.springframework.test.context.jdbc.SqlScriptsTestExecutionListener]
2020-12-06 22:21:47.199  INFO 9232 --- [    Test worker] .b.t.a.w.s.WebMvcTestContextBootstrapper : Using TestExecutionListeners: [org.springframework.test.context.web.ServletTestExecutionListener@54e20f19, org.springframework.test.context.support.DirtiesContextBeforeModesTestExecutionListener@6094886f, org.springframework.boot.test.mock.mockito.MockitoTestExecutionListener@334a8f2f, org.springframework.boot.test.autoconfigure.SpringBootDependencyInjectionTestExecutionListener@7b189e9c, org.springframework.test.context.support.DirtiesContextTestExecutionListener@3fc6dc21, org.springframework.test.context.transaction.TransactionalTestExecutionListener@7bd5ec46, org.springframework.test.context.jdbc.SqlScriptsTestExecutionListener@1c0127e4, org.springframework.security.test.context.support.WithSecurityContextTestExecutionListener@23d2a686, org.springframework.security.test.context.support.ReactorContextTestExecutionListener@2a7c4109, org.springframework.boot.test.autoconfigure.restdocs.RestDocsTestExecutionListener@7e1f2fdc, org.springframework.boot.test.autoconfigure.web.client.MockRestServiceServerResetTestExecutionListener@6bb409fc, org.springframework.boot.test.autoconfigure.web.servlet.MockMvcPrintOnlyOnFailureTestExecutionListener@5d64749a, org.springframework.boot.test.autoconfigure.web.servlet.WebDriverTestExecutionListener@15d80236, org.springframework.boot.test.mock.mockito.ResetMocksTestExecutionListener@12bebe9e]

  .   ____          _            __ _ _
 /\\ / ___'_ __ _ _(_)_ __  __ _ \ \ \ \
( ( )\___ | '_ | '_| | '_ \/ _` | \ \ \ \
 \\/  ___)| |_)| | | | | || (_| |  ) ) ) )
  '  |____| .__|_| |_|_| |_\__, | / / / /
 =========|_|==============|___/=/_/_/_/
 :: Spring Boot ::        (v2.1.7.RELEASE)

2020-12-06 22:21:47.287  INFO 9232 --- [    Test worker] com.example.web.HelloControllerTest      : Starting HelloControllerTest on DESKTOP-T0VS20O with PID 9232 (started by Lee-Gi-Su in C:\Users\Lee-Gi-Su\IdeaProjects\springboot-board)
2020-12-06 22:21:47.289  INFO 9232 --- [    Test worker] com.example.web.HelloControllerTest      : No active profile set, falling back to default profiles: default
2020-12-06 22:21:48.160  INFO 9232 --- [    Test worker] o.s.s.concurrent.ThreadPoolTaskExecutor  : Initializing ExecutorService 'applicationTaskExecutor'
2020-12-06 22:21:48.210  INFO 9232 --- [    Test worker] o.s.b.a.w.s.WelcomePageHandlerMapping    : Adding welcome page: class path resource [static/index.html]
2020-12-06 22:21:48.296  WARN 9232 --- [    Test worker] o.s.b.a.m.MustacheAutoConfiguration      : Cannot find template location: classpath:/templates/ (please add some templates, check your Mustache configuration, or set spring.mustache.check-template-location=false)
2020-12-06 22:21:48.476  INFO 9232 --- [    Test worker] .s.s.UserDetailsServiceAutoConfiguration : 

Using generated security password: a3762684-ecff-4094-9a9e-d4ab8a6556e6

2020-12-06 22:21:48.656  INFO 9232 --- [    Test worker] o.s.s.web.DefaultSecurityFilterChain     : Creating filter chain: any request, [org.springframework.security.web.context.request.async.WebAsyncManagerIntegrationFilter@4cf421a8, org.springframework.security.web.context.SecurityContextPersistenceFilter@368cb144, org.springframework.security.web.header.HeaderWriterFilter@6d812ff4, org.springframework.security.web.csrf.CsrfFilter@4368dadf, org.springframework.security.web.authentication.logout.LogoutFilter@10196d6b, org.springframework.security.web.authentication.UsernamePasswordAuthenticationFilter@5b94333f, org.springframework.security.web.authentication.ui.DefaultLoginPageGeneratingFilter@58be98ee, org.springframework.security.web.authentication.ui.DefaultLogoutPageGeneratingFilter@7aa11dae, org.springframework.security.web.authentication.www.BasicAuthenticationFilter@5b6168c6, org.springframework.security.web.savedrequest.RequestCacheAwareFilter@1d6dcc9, org.springframework.security.web.servletapi.SecurityContextHolderAwareRequestFilter@65ccad88, org.springframework.security.web.authentication.AnonymousAuthenticationFilter@2a566d64, org.springframework.security.web.session.SessionManagementFilter@683aaeb9, org.springframework.security.web.access.ExceptionTranslationFilter@49dfd65a, org.springframework.security.web.access.intercept.FilterSecurityInterceptor@1a5c6885]
2020-12-06 22:21:48.699  INFO 9232 --- [    Test worker] o.s.b.t.m.w.SpringBootMockServletContext : Initializing Spring TestDispatcherServlet ''
2020-12-06 22:21:48.699  INFO 9232 --- [    Test worker] o.s.t.web.servlet.TestDispatcherServlet  : Initializing Servlet ''
2020-12-06 22:21:48.716  INFO 9232 --- [    Test worker] o.s.t.web.servlet.TestDispatcherServlet  : Completed initialization in 17 ms
2020-12-06 22:21:48.746  INFO 9232 --- [    Test worker] com.example.web.HelloControllerTest      : Started HelloControllerTest in 1.54 seconds (JVM running for 13.6)
]]></system-out>
  <system-err><![CDATA[]]></system-err>
</testsuite>
