<?xml version="1.0" encoding="UTF-8"?>
<testsuite name="com.example.web.ProfileControllerTest" tests="1" skipped="0" failures="0" errors="0" timestamp="2020-12-03T17:28:26" hostname="DESKTOP-T0VS20O" time="0.016">
  <properties/>
  <testcase name="profile은_인증없이_호출된다" classname="com.example.web.ProfileControllerTest" time="0.016"/>
  <system-out><![CDATA[2020-12-04 02:28:26.578  INFO 21104 --- [    Test worker] .b.t.c.SpringBootTestContextBootstrapper : Neither @ContextConfiguration nor @ContextHierarchy found for test class [com.example.web.ProfileControllerTest], using SpringBootContextLoader
2020-12-04 02:28:26.579  INFO 21104 --- [    Test worker] o.s.t.c.support.AbstractContextLoader    : Could not detect default resource locations for test class [com.example.web.ProfileControllerTest]: no resource found for suffixes {-context.xml, Context.groovy}.
2020-12-04 02:28:26.579  INFO 21104 --- [    Test worker] t.c.s.AnnotationConfigContextLoaderUtils : Could not detect default configuration classes for test class [com.example.web.ProfileControllerTest]: ProfileControllerTest does not declare any static, non-private, non-final, nested classes annotated with @Configuration.
2020-12-04 02:28:26.581  INFO 21104 --- [    Test worker] .b.t.c.SpringBootTestContextBootstrapper : Found @SpringBootConfiguration com.example.Main for test class com.example.web.ProfileControllerTest
2020-12-04 02:28:26.583  INFO 21104 --- [    Test worker] .b.t.c.SpringBootTestContextBootstrapper : Loaded default TestExecutionListener class names from location [META-INF/spring.factories]: [org.springframework.security.test.context.support.WithSecurityContextTestExecutionListener, org.springframework.security.test.context.support.ReactorContextTestExecutionListener, org.springframework.boot.test.autoconfigure.restdocs.RestDocsTestExecutionListener, org.springframework.boot.test.autoconfigure.web.client.MockRestServiceServerResetTestExecutionListener, org.springframework.boot.test.autoconfigure.web.servlet.MockMvcPrintOnlyOnFailureTestExecutionListener, org.springframework.boot.test.autoconfigure.web.servlet.WebDriverTestExecutionListener, org.springframework.boot.test.mock.mockito.MockitoTestExecutionListener, org.springframework.boot.test.mock.mockito.ResetMocksTestExecutionListener, org.springframework.test.context.web.ServletTestExecutionListener, org.springframework.test.context.support.DirtiesContextBeforeModesTestExecutionListener, org.springframework.test.context.support.DependencyInjectionTestExecutionListener, org.springframework.test.context.support.DirtiesContextTestExecutionListener, org.springframework.test.context.transaction.TransactionalTestExecutionListener, org.springframework.test.context.jdbc.SqlScriptsTestExecutionListener]
2020-12-04 02:28:26.584  INFO 21104 --- [    Test worker] .b.t.c.SpringBootTestContextBootstrapper : Using TestExecutionListeners: [org.springframework.test.context.web.ServletTestExecutionListener@558de433, org.springframework.test.context.support.DirtiesContextBeforeModesTestExecutionListener@68a299c0, org.springframework.boot.test.mock.mockito.MockitoTestExecutionListener@6c3bef82, org.springframework.boot.test.autoconfigure.SpringBootDependencyInjectionTestExecutionListener@6b8ff60, org.springframework.test.context.support.DirtiesContextTestExecutionListener@3c2e3ff8, org.springframework.test.context.transaction.TransactionalTestExecutionListener@40bedd24, org.springframework.test.context.jdbc.SqlScriptsTestExecutionListener@734a6d4e, org.springframework.security.test.context.support.WithSecurityContextTestExecutionListener@3248cfb8, org.springframework.security.test.context.support.ReactorContextTestExecutionListener@7f54f7f6, org.springframework.boot.test.autoconfigure.restdocs.RestDocsTestExecutionListener@49b552c5, org.springframework.boot.test.autoconfigure.web.client.MockRestServiceServerResetTestExecutionListener@693576a0, org.springframework.boot.test.autoconfigure.web.servlet.MockMvcPrintOnlyOnFailureTestExecutionListener@1df44131, org.springframework.boot.test.autoconfigure.web.servlet.WebDriverTestExecutionListener@45c7fe3e, org.springframework.boot.test.mock.mockito.ResetMocksTestExecutionListener@2687af39]
]]></system-out>
  <system-err><![CDATA[]]></system-err>
</testsuite>
