<?xml version="1.0" encoding="UTF-8"?>
<testsuite name="com.example.web.HelloControllerTest" tests="2" skipped="0" failures="0" errors="0" timestamp="2020-12-02T18:21:28" hostname="DESKTOP-T0VS20O" time="0.27">
  <properties/>
  <testcase name="hello" classname="com.example.web.HelloControllerTest" time="0.088"/>
  <testcase name="helloDto가_리턴된다" classname="com.example.web.HelloControllerTest" time="0.181"/>
  <system-out><![CDATA[2020-12-03 03:21:26.730  INFO 1452 --- [    Test worker] .b.t.a.w.s.WebMvcTestContextBootstrapper : Neither @ContextConfiguration nor @ContextHierarchy found for test class [com.example.web.HelloControllerTest], using SpringBootContextLoader
2020-12-03 03:21:26.731  INFO 1452 --- [    Test worker] o.s.t.c.support.AbstractContextLoader    : Could not detect default resource locations for test class [com.example.web.HelloControllerTest]: no resource found for suffixes {-context.xml, Context.groovy}.
2020-12-03 03:21:26.731  INFO 1452 --- [    Test worker] t.c.s.AnnotationConfigContextLoaderUtils : Could not detect default configuration classes for test class [com.example.web.HelloControllerTest]: HelloControllerTest does not declare any static, non-private, non-final, nested classes annotated with @Configuration.
2020-12-03 03:21:26.761  INFO 1452 --- [    Test worker] .b.t.c.SpringBootTestContextBootstrapper : Found @SpringBootConfiguration com.example.Main for test class com.example.web.HelloControllerTest
2020-12-03 03:21:26.762  INFO 1452 --- [    Test worker] .b.t.a.w.s.WebMvcTestContextBootstrapper : Loaded default TestExecutionListener class names from location [META-INF/spring.factories]: [org.springframework.security.test.context.support.WithSecurityContextTestExecutionListener, org.springframework.security.test.context.support.ReactorContextTestExecutionListener, org.springframework.boot.test.autoconfigure.restdocs.RestDocsTestExecutionListener, org.springframework.boot.test.autoconfigure.web.client.MockRestServiceServerResetTestExecutionListener, org.springframework.boot.test.autoconfigure.web.servlet.MockMvcPrintOnlyOnFailureTestExecutionListener, org.springframework.boot.test.autoconfigure.web.servlet.WebDriverTestExecutionListener, org.springframework.boot.test.mock.mockito.MockitoTestExecutionListener, org.springframework.boot.test.mock.mockito.ResetMocksTestExecutionListener, org.springframework.test.context.web.ServletTestExecutionListener, org.springframework.test.context.support.DirtiesContextBeforeModesTestExecutionListener, org.springframework.test.context.support.DependencyInjectionTestExecutionListener, org.springframework.test.context.support.DirtiesContextTestExecutionListener, org.springframework.test.context.transaction.TransactionalTestExecutionListener, org.springframework.test.context.jdbc.SqlScriptsTestExecutionListener]
2020-12-03 03:21:26.764  INFO 1452 --- [    Test worker] .b.t.a.w.s.WebMvcTestContextBootstrapper : Using TestExecutionListeners: [org.springframework.test.context.web.ServletTestExecutionListener@71bd12ea, org.springframework.test.context.support.DirtiesContextBeforeModesTestExecutionListener@8dc9445, org.springframework.boot.test.mock.mockito.MockitoTestExecutionListener@27c04202, org.springframework.boot.test.autoconfigure.SpringBootDependencyInjectionTestExecutionListener@3bafc5c3, org.springframework.test.context.support.DirtiesContextTestExecutionListener@221cba1e, org.springframework.test.context.transaction.TransactionalTestExecutionListener@4e8e7ca4, org.springframework.test.context.jdbc.SqlScriptsTestExecutionListener@6b7be725, org.springframework.security.test.context.support.WithSecurityContextTestExecutionListener@2e3fa654, org.springframework.security.test.context.support.ReactorContextTestExecutionListener@693425c7, org.springframework.boot.test.autoconfigure.restdocs.RestDocsTestExecutionListener@54e20f19, org.springframework.boot.test.autoconfigure.web.client.MockRestServiceServerResetTestExecutionListener@6094886f, org.springframework.boot.test.autoconfigure.web.servlet.MockMvcPrintOnlyOnFailureTestExecutionListener@334a8f2f, org.springframework.boot.test.autoconfigure.web.servlet.WebDriverTestExecutionListener@7b189e9c, org.springframework.boot.test.mock.mockito.ResetMocksTestExecutionListener@3fc6dc21]

  .   ____          _            __ _ _
 /\\ / ___'_ __ _ _(_)_ __  __ _ \ \ \ \
( ( )\___ | '_ | '_| | '_ \/ _` | \ \ \ \
 \\/  ___)| |_)| | | | | || (_| |  ) ) ) )
  '  |____| .__|_| |_|_| |_\__, | / / / /
 =========|_|==============|___/=/_/_/_/
 :: Spring Boot ::        (v2.1.7.RELEASE)

2020-12-03 03:21:26.804  INFO 1452 --- [    Test worker] com.example.web.HelloControllerTest      : Starting HelloControllerTest on DESKTOP-T0VS20O with PID 1452 (started by Lee-Gi-Su in C:\Users\Lee-Gi-Su\IdeaProjects\springboot-board)
2020-12-03 03:21:26.805  INFO 1452 --- [    Test worker] com.example.web.HelloControllerTest      : No active profile set, falling back to default profiles: default
2020-12-03 03:21:27.422  INFO 1452 --- [    Test worker] o.s.s.concurrent.ThreadPoolTaskExecutor  : Initializing ExecutorService 'applicationTaskExecutor'
2020-12-03 03:21:27.466  INFO 1452 --- [    Test worker] o.s.b.a.w.s.WelcomePageHandlerMapping    : Adding welcome page template: index
2020-12-03 03:21:27.726  INFO 1452 --- [    Test worker] .s.s.UserDetailsServiceAutoConfiguration : 

Using generated security password: ae621fe7-39c2-4560-ab44-fba72a11b90e

2020-12-03 03:21:27.885  INFO 1452 --- [    Test worker] o.s.s.web.DefaultSecurityFilterChain     : Creating filter chain: any request, [org.springframework.security.web.context.request.async.WebAsyncManagerIntegrationFilter@417537f5, org.springframework.security.web.context.SecurityContextPersistenceFilter@c8a7bf1, org.springframework.security.web.header.HeaderWriterFilter@55011e85, org.springframework.security.web.csrf.CsrfFilter@4da4f323, org.springframework.security.web.authentication.logout.LogoutFilter@393cea90, org.springframework.security.web.authentication.UsernamePasswordAuthenticationFilter@1d6dcc9, org.springframework.security.web.authentication.ui.DefaultLoginPageGeneratingFilter@79fb634, org.springframework.security.web.authentication.ui.DefaultLogoutPageGeneratingFilter@1a5c6885, org.springframework.security.web.authentication.www.BasicAuthenticationFilter@43804130, org.springframework.security.web.savedrequest.RequestCacheAwareFilter@53ff1575, org.springframework.security.web.servletapi.SecurityContextHolderAwareRequestFilter@e57ccb9, org.springframework.security.web.authentication.AnonymousAuthenticationFilter@5b94333f, org.springframework.security.web.session.SessionManagementFilter@3fd6c2ed, org.springframework.security.web.access.ExceptionTranslationFilter@5d805540, org.springframework.security.web.access.intercept.FilterSecurityInterceptor@368cb144]
2020-12-03 03:21:27.936  INFO 1452 --- [    Test worker] o.s.b.t.m.w.SpringBootMockServletContext : Initializing Spring TestDispatcherServlet ''
2020-12-03 03:21:27.936  INFO 1452 --- [    Test worker] o.s.t.web.servlet.TestDispatcherServlet  : Initializing Servlet ''
2020-12-03 03:21:27.954  INFO 1452 --- [    Test worker] o.s.t.web.servlet.TestDispatcherServlet  : Completed initialization in 18 ms
2020-12-03 03:21:27.995  INFO 1452 --- [    Test worker] com.example.web.HelloControllerTest      : Started HelloControllerTest in 1.228 seconds (JVM running for 13.434)
]]></system-out>
  <system-err><![CDATA[]]></system-err>
</testsuite>
