<?xml version="1.0" encoding="UTF-8"?>
<testsuite name="com.example.web.HelloControllerTest" tests="2" skipped="0" failures="0" errors="0" timestamp="2020-12-03T17:28:22" hostname="DESKTOP-T0VS20O" time="0.336">
  <properties/>
  <testcase name="hello" classname="com.example.web.HelloControllerTest" time="0.168"/>
  <testcase name="helloDto가_리턴된다" classname="com.example.web.HelloControllerTest" time="0.166"/>
  <system-out><![CDATA[2020-12-04 02:28:20.656  INFO 21104 --- [    Test worker] .b.t.a.w.s.WebMvcTestContextBootstrapper : Neither @ContextConfiguration nor @ContextHierarchy found for test class [com.example.web.HelloControllerTest], using SpringBootContextLoader
2020-12-04 02:28:20.659  INFO 21104 --- [    Test worker] o.s.t.c.support.AbstractContextLoader    : Could not detect default resource locations for test class [com.example.web.HelloControllerTest]: no resource found for suffixes {-context.xml, Context.groovy}.
2020-12-04 02:28:20.660  INFO 21104 --- [    Test worker] t.c.s.AnnotationConfigContextLoaderUtils : Could not detect default configuration classes for test class [com.example.web.HelloControllerTest]: HelloControllerTest does not declare any static, non-private, non-final, nested classes annotated with @Configuration.
2020-12-04 02:28:20.694  INFO 21104 --- [    Test worker] .b.t.c.SpringBootTestContextBootstrapper : Found @SpringBootConfiguration com.example.Main for test class com.example.web.HelloControllerTest
2020-12-04 02:28:20.695  INFO 21104 --- [    Test worker] .b.t.a.w.s.WebMvcTestContextBootstrapper : Loaded default TestExecutionListener class names from location [META-INF/spring.factories]: [org.springframework.security.test.context.support.WithSecurityContextTestExecutionListener, org.springframework.security.test.context.support.ReactorContextTestExecutionListener, org.springframework.boot.test.autoconfigure.restdocs.RestDocsTestExecutionListener, org.springframework.boot.test.autoconfigure.web.client.MockRestServiceServerResetTestExecutionListener, org.springframework.boot.test.autoconfigure.web.servlet.MockMvcPrintOnlyOnFailureTestExecutionListener, org.springframework.boot.test.autoconfigure.web.servlet.WebDriverTestExecutionListener, org.springframework.boot.test.mock.mockito.MockitoTestExecutionListener, org.springframework.boot.test.mock.mockito.ResetMocksTestExecutionListener, org.springframework.test.context.web.ServletTestExecutionListener, org.springframework.test.context.support.DirtiesContextBeforeModesTestExecutionListener, org.springframework.test.context.support.DependencyInjectionTestExecutionListener, org.springframework.test.context.support.DirtiesContextTestExecutionListener, org.springframework.test.context.transaction.TransactionalTestExecutionListener, org.springframework.test.context.jdbc.SqlScriptsTestExecutionListener]
2020-12-04 02:28:20.697  INFO 21104 --- [    Test worker] .b.t.a.w.s.WebMvcTestContextBootstrapper : Using TestExecutionListeners: [org.springframework.test.context.web.ServletTestExecutionListener@7c1b9983, org.springframework.test.context.support.DirtiesContextBeforeModesTestExecutionListener@4ef57ba7, org.springframework.boot.test.mock.mockito.MockitoTestExecutionListener@2abbc7c4, org.springframework.boot.test.autoconfigure.SpringBootDependencyInjectionTestExecutionListener@369616, org.springframework.test.context.support.DirtiesContextTestExecutionListener@2041d012, org.springframework.test.context.transaction.TransactionalTestExecutionListener@458cbffe, org.springframework.test.context.jdbc.SqlScriptsTestExecutionListener@317dc56c, org.springframework.security.test.context.support.WithSecurityContextTestExecutionListener@5cf7373, org.springframework.security.test.context.support.ReactorContextTestExecutionListener@2b20e298, org.springframework.boot.test.autoconfigure.restdocs.RestDocsTestExecutionListener@bf3cb4d, org.springframework.boot.test.autoconfigure.web.client.MockRestServiceServerResetTestExecutionListener@54fa39fa, org.springframework.boot.test.autoconfigure.web.servlet.MockMvcPrintOnlyOnFailureTestExecutionListener@2a508cfd, org.springframework.boot.test.autoconfigure.web.servlet.WebDriverTestExecutionListener@6c88f0d, org.springframework.boot.test.mock.mockito.ResetMocksTestExecutionListener@13f4853a]

  .   ____          _            __ _ _
 /\\ / ___'_ __ _ _(_)_ __  __ _ \ \ \ \
( ( )\___ | '_ | '_| | '_ \/ _` | \ \ \ \
 \\/  ___)| |_)| | | | | || (_| |  ) ) ) )
  '  |____| .__|_| |_|_| |_\__, | / / / /
 =========|_|==============|___/=/_/_/_/
 :: Spring Boot ::        (v2.1.7.RELEASE)

2020-12-04 02:28:20.751  INFO 21104 --- [    Test worker] com.example.web.HelloControllerTest      : Starting HelloControllerTest on DESKTOP-T0VS20O with PID 21104 (started by Lee-Gi-Su in C:\Users\Lee-Gi-Su\IdeaProjects\springboot-board)
2020-12-04 02:28:20.752  INFO 21104 --- [    Test worker] com.example.web.HelloControllerTest      : No active profile set, falling back to default profiles: default
2020-12-04 02:28:21.374  INFO 21104 --- [    Test worker] o.s.s.concurrent.ThreadPoolTaskExecutor  : Initializing ExecutorService 'applicationTaskExecutor'
2020-12-04 02:28:21.411  INFO 21104 --- [    Test worker] o.s.b.a.w.s.WelcomePageHandlerMapping    : Adding welcome page template: index
2020-12-04 02:28:21.792  INFO 21104 --- [    Test worker] .s.s.UserDetailsServiceAutoConfiguration : 

Using generated security password: d65bfb70-b3b8-4984-860a-a27afb8d82ef

2020-12-04 02:28:22.120  INFO 21104 --- [    Test worker] o.s.s.web.DefaultSecurityFilterChain     : Creating filter chain: any request, [org.springframework.security.web.context.request.async.WebAsyncManagerIntegrationFilter@8082cd2, org.springframework.security.web.context.SecurityContextPersistenceFilter@2af3b669, org.springframework.security.web.header.HeaderWriterFilter@2bc8aa0e, org.springframework.security.web.csrf.CsrfFilter@5b9f58cd, org.springframework.security.web.authentication.logout.LogoutFilter@652b764b, org.springframework.security.web.authentication.UsernamePasswordAuthenticationFilter@27468633, org.springframework.security.web.authentication.ui.DefaultLoginPageGeneratingFilter@2fc1c18e, org.springframework.security.web.authentication.ui.DefaultLogoutPageGeneratingFilter@5cd37d3c, org.springframework.security.web.authentication.www.BasicAuthenticationFilter@3eadf5ae, org.springframework.security.web.savedrequest.RequestCacheAwareFilter@4d3f1c98, org.springframework.security.web.servletapi.SecurityContextHolderAwareRequestFilter@23c957eb, org.springframework.security.web.authentication.AnonymousAuthenticationFilter@d02f38d, org.springframework.security.web.session.SessionManagementFilter@a30c68a, org.springframework.security.web.access.ExceptionTranslationFilter@354a4c3b, org.springframework.security.web.access.intercept.FilterSecurityInterceptor@6229319a]
2020-12-04 02:28:22.200  INFO 21104 --- [    Test worker] o.s.b.t.m.w.SpringBootMockServletContext : Initializing Spring TestDispatcherServlet ''
2020-12-04 02:28:22.200  INFO 21104 --- [    Test worker] o.s.t.web.servlet.TestDispatcherServlet  : Initializing Servlet ''
2020-12-04 02:28:22.228  INFO 21104 --- [    Test worker] o.s.t.web.servlet.TestDispatcherServlet  : Completed initialization in 27 ms
2020-12-04 02:28:22.309  INFO 21104 --- [    Test worker] com.example.web.HelloControllerTest      : Started HelloControllerTest in 1.608 seconds (JVM running for 13.954)
]]></system-out>
  <system-err><![CDATA[]]></system-err>
</testsuite>
