<?xml version="1.0" encoding="UTF-8"?>
<testsuite name="com.example.domain.posts.PostsRepositoryTest" tests="2" skipped="0" failures="0" errors="0" timestamp="2020-11-28T16:58:51" hostname="DESKTOP-T0VS20O" time="0.372">
  <properties/>
  <testcase name="게시물저장_불러오기" classname="com.example.domain.posts.PostsRepositoryTest" time="0.356"/>
  <testcase name="BaseTimeEntity_등록" classname="com.example.domain.posts.PostsRepositoryTest" time="0.015"/>
  <system-out><![CDATA[01:58:41.138 [Test worker] DEBUG org.springframework.test.context.junit4.SpringJUnit4ClassRunner - SpringJUnit4ClassRunner constructor called with [class com.example.domain.posts.PostsRepositoryTest]
01:58:41.146 [Test worker] DEBUG org.springframework.test.context.BootstrapUtils - Instantiating CacheAwareContextLoaderDelegate from class [org.springframework.test.context.cache.DefaultCacheAwareContextLoaderDelegate]
01:58:41.158 [Test worker] DEBUG org.springframework.test.context.BootstrapUtils - Instantiating BootstrapContext using constructor [public org.springframework.test.context.support.DefaultBootstrapContext(java.lang.Class,org.springframework.test.context.CacheAwareContextLoaderDelegate)]
01:58:41.177 [Test worker] DEBUG org.springframework.test.context.BootstrapUtils - Instantiating TestContextBootstrapper for test class [com.example.domain.posts.PostsRepositoryTest] from class [org.springframework.boot.test.context.SpringBootTestContextBootstrapper]
01:58:41.201 [Test worker] INFO org.springframework.boot.test.context.SpringBootTestContextBootstrapper - Neither @ContextConfiguration nor @ContextHierarchy found for test class [com.example.domain.posts.PostsRepositoryTest], using SpringBootContextLoader
01:58:41.206 [Test worker] DEBUG org.springframework.test.context.support.AbstractContextLoader - Did not detect default resource location for test class [com.example.domain.posts.PostsRepositoryTest]: class path resource [com/example/domain/posts/PostsRepositoryTest-context.xml] does not exist
01:58:41.207 [Test worker] DEBUG org.springframework.test.context.support.AbstractContextLoader - Did not detect default resource location for test class [com.example.domain.posts.PostsRepositoryTest]: class path resource [com/example/domain/posts/PostsRepositoryTestContext.groovy] does not exist
01:58:41.207 [Test worker] INFO org.springframework.test.context.support.AbstractContextLoader - Could not detect default resource locations for test class [com.example.domain.posts.PostsRepositoryTest]: no resource found for suffixes {-context.xml, Context.groovy}.
01:58:41.209 [Test worker] INFO org.springframework.test.context.support.AnnotationConfigContextLoaderUtils - Could not detect default configuration classes for test class [com.example.domain.posts.PostsRepositoryTest]: PostsRepositoryTest does not declare any static, non-private, non-final, nested classes annotated with @Configuration.
01:58:41.273 [Test worker] DEBUG org.springframework.test.context.support.ActiveProfilesUtils - Could not find an 'annotation declaring class' for annotation type [org.springframework.test.context.ActiveProfiles] and class [com.example.domain.posts.PostsRepositoryTest]
01:58:41.384 [Test worker] DEBUG org.springframework.context.annotation.ClassPathScanningCandidateComponentProvider - Identified candidate component class: file [C:\Users\Lee-Gi-Su\IdeaProjects\springboot-board\build\classes\java\main\com\example\Main.class]
01:58:41.387 [Test worker] INFO org.springframework.boot.test.context.SpringBootTestContextBootstrapper - Found @SpringBootConfiguration com.example.Main for test class com.example.domain.posts.PostsRepositoryTest
01:58:41.502 [Test worker] DEBUG org.springframework.boot.test.context.SpringBootTestContextBootstrapper - @TestExecutionListeners is not present for class [com.example.domain.posts.PostsRepositoryTest]: using defaults.
01:58:41.502 [Test worker] INFO org.springframework.boot.test.context.SpringBootTestContextBootstrapper - Loaded default TestExecutionListener class names from location [META-INF/spring.factories]: [org.springframework.security.test.context.support.WithSecurityContextTestExecutionListener, org.springframework.security.test.context.support.ReactorContextTestExecutionListener, org.springframework.boot.test.autoconfigure.restdocs.RestDocsTestExecutionListener, org.springframework.boot.test.autoconfigure.web.client.MockRestServiceServerResetTestExecutionListener, org.springframework.boot.test.autoconfigure.web.servlet.MockMvcPrintOnlyOnFailureTestExecutionListener, org.springframework.boot.test.autoconfigure.web.servlet.WebDriverTestExecutionListener, org.springframework.boot.test.mock.mockito.MockitoTestExecutionListener, org.springframework.boot.test.mock.mockito.ResetMocksTestExecutionListener, org.springframework.test.context.web.ServletTestExecutionListener, org.springframework.test.context.support.DirtiesContextBeforeModesTestExecutionListener, org.springframework.test.context.support.DependencyInjectionTestExecutionListener, org.springframework.test.context.support.DirtiesContextTestExecutionListener, org.springframework.test.context.transaction.TransactionalTestExecutionListener, org.springframework.test.context.jdbc.SqlScriptsTestExecutionListener]
01:58:41.539 [Test worker] INFO org.springframework.boot.test.context.SpringBootTestContextBootstrapper - Using TestExecutionListeners: [org.springframework.test.context.web.ServletTestExecutionListener@1f275502, org.springframework.test.context.support.DirtiesContextBeforeModesTestExecutionListener@4c8dbb33, org.springframework.boot.test.mock.mockito.MockitoTestExecutionListener@608bdcd9, org.springframework.boot.test.autoconfigure.SpringBootDependencyInjectionTestExecutionListener@58b492b9, org.springframework.test.context.support.DirtiesContextTestExecutionListener@7d9e43e8, org.springframework.test.context.transaction.TransactionalTestExecutionListener@5ceb3b4b, org.springframework.test.context.jdbc.SqlScriptsTestExecutionListener@62b8491b, org.springframework.security.test.context.support.WithSecurityContextTestExecutionListener@1ee53eaf, org.springframework.security.test.context.support.ReactorContextTestExecutionListener@11ebbf98, org.springframework.boot.test.autoconfigure.restdocs.RestDocsTestExecutionListener@14dfff8d, org.springframework.boot.test.autoconfigure.web.client.MockRestServiceServerResetTestExecutionListener@348f8c9c, org.springframework.boot.test.autoconfigure.web.servlet.MockMvcPrintOnlyOnFailureTestExecutionListener@3a8dce4, org.springframework.boot.test.autoconfigure.web.servlet.WebDriverTestExecutionListener@4f73b476, org.springframework.boot.test.mock.mockito.ResetMocksTestExecutionListener@243b1982]
01:58:41.544 [Test worker] DEBUG org.springframework.test.annotation.ProfileValueUtils - Retrieved @ProfileValueSourceConfiguration [null] for test class [com.example.domain.posts.PostsRepositoryTest]
01:58:41.545 [Test worker] DEBUG org.springframework.test.annotation.ProfileValueUtils - Retrieved ProfileValueSource type [class org.springframework.test.annotation.SystemProfileValueSource] for class [com.example.domain.posts.PostsRepositoryTest]
01:58:41.546 [Test worker] DEBUG org.springframework.test.annotation.ProfileValueUtils - Retrieved @ProfileValueSourceConfiguration [null] for test class [com.example.domain.posts.PostsRepositoryTest]
01:58:41.546 [Test worker] DEBUG org.springframework.test.annotation.ProfileValueUtils - Retrieved ProfileValueSource type [class org.springframework.test.annotation.SystemProfileValueSource] for class [com.example.domain.posts.PostsRepositoryTest]
01:58:41.558 [Test worker] DEBUG org.springframework.test.context.support.AbstractDirtiesContextTestExecutionListener - Before test class: context [DefaultTestContext@a71b1ad testClass = PostsRepositoryTest, testInstance = [null], testMethod = [null], testException = [null], mergedContextConfiguration = [WebMergedContextConfiguration@2d443f95 testClass = PostsRepositoryTest, locations = '{}', classes = '{class com.example.Main}', contextInitializerClasses = '[]', activeProfiles = '{}', propertySourceLocations = '{}', propertySourceProperties = '{org.springframework.boot.test.context.SpringBootTestContextBootstrapper=true}', contextCustomizers = set[org.springframework.boot.test.autoconfigure.properties.PropertyMappingContextCustomizer@0, org.springframework.boot.test.autoconfigure.web.servlet.WebDriverContextCustomizerFactory$Customizer@645d9e88, org.springframework.boot.test.context.filter.ExcludeFilterContextCustomizer@79f9d322, org.springframework.boot.test.json.DuplicateJsonObjectContextCustomizerFactory$DuplicateJsonObjectContextCustomizer@c77283b, org.springframework.boot.test.mock.mockito.MockitoContextCustomizer@0, org.springframework.boot.test.web.client.TestRestTemplateContextCustomizer@2bc813ad], resourceBasePath = 'src/main/webapp', contextLoader = 'org.springframework.boot.test.context.SpringBootContextLoader', parent = [null]], attributes = map['org.springframework.test.context.web.ServletTestExecutionListener.activateListener' -> true]], class annotated with @DirtiesContext [false] with mode [null].
01:58:41.559 [Test worker] DEBUG org.springframework.test.annotation.ProfileValueUtils - Retrieved @ProfileValueSourceConfiguration [null] for test class [com.example.domain.posts.PostsRepositoryTest]
01:58:41.560 [Test worker] DEBUG org.springframework.test.annotation.ProfileValueUtils - Retrieved ProfileValueSource type [class org.springframework.test.annotation.SystemProfileValueSource] for class [com.example.domain.posts.PostsRepositoryTest]
01:58:41.593 [Test worker] DEBUG org.springframework.test.context.support.TestPropertySourceUtils - Adding inlined properties to environment: {spring.jmx.enabled=false, org.springframework.boot.test.context.SpringBootTestContextBootstrapper=true, server.port=-1}

  .   ____          _            __ _ _
 /\\ / ___'_ __ _ _(_)_ __  __ _ \ \ \ \
( ( )\___ | '_ | '_| | '_ \/ _` | \ \ \ \
 \\/  ___)| |_)| | | | | || (_| |  ) ) ) )
  '  |____| .__|_| |_|_| |_\__, | / / / /
 =========|_|==============|___/=/_/_/_/
 :: Spring Boot ::        (v2.1.7.RELEASE)

2020-11-29 01:58:41.941  INFO 10784 --- [    Test worker] c.e.domain.posts.PostsRepositoryTest     : Starting PostsRepositoryTest on DESKTOP-T0VS20O with PID 10784 (started by Lee-Gi-Su in C:\Users\Lee-Gi-Su\IdeaProjects\springboot-board)
2020-11-29 01:58:41.943  INFO 10784 --- [    Test worker] c.e.domain.posts.PostsRepositoryTest     : No active profile set, falling back to default profiles: default
2020-11-29 01:58:43.547  INFO 10784 --- [    Test worker] .s.d.r.c.RepositoryConfigurationDelegate : Bootstrapping Spring Data repositories in DEFAULT mode.
2020-11-29 01:58:43.748  INFO 10784 --- [    Test worker] .s.d.r.c.RepositoryConfigurationDelegate : Finished Spring Data repository scanning in 181ms. Found 2 repository interfaces.
2020-11-29 01:58:44.690  INFO 10784 --- [    Test worker] trationDelegate$BeanPostProcessorChecker : Bean 'org.springframework.transaction.annotation.ProxyTransactionManagementConfiguration' of type [org.springframework.transaction.annotation.ProxyTransactionManagementConfiguration$$EnhancerBySpringCGLIB$$51c6390c] is not eligible for getting processed by all BeanPostProcessors (for example: not eligible for auto-proxying)
2020-11-29 01:58:44.962  INFO 10784 --- [    Test worker] com.zaxxer.hikari.HikariDataSource       : HikariPool-1 - Starting...
2020-11-29 01:58:45.178  INFO 10784 --- [    Test worker] com.zaxxer.hikari.HikariDataSource       : HikariPool-1 - Start completed.
2020-11-29 01:58:45.342  INFO 10784 --- [    Test worker] o.hibernate.jpa.internal.util.LogHelper  : HHH000204: Processing PersistenceUnitInfo [
	name: default
	...]
2020-11-29 01:58:45.510  INFO 10784 --- [    Test worker] org.hibernate.Version                    : HHH000412: Hibernate Core {5.3.10.Final}
2020-11-29 01:58:45.514  INFO 10784 --- [    Test worker] org.hibernate.cfg.Environment            : HHH000206: hibernate.properties not found
2020-11-29 01:58:45.823  INFO 10784 --- [    Test worker] o.hibernate.annotations.common.Version   : HCANN000001: Hibernate Commons Annotations {5.0.4.Final}
2020-11-29 01:58:46.177  INFO 10784 --- [    Test worker] org.hibernate.dialect.Dialect            : HHH000400: Using dialect: org.hibernate.dialect.MySQL5InnoDBDialect
Hibernate: drop table if exists posts
Hibernate: drop table if exists user
Hibernate: create table posts (id bigint not null auto_increment, create_date datetime, modified_date datetime, author varchar(255), content Text not null, title varchar(500) not null, primary key (id)) engine=InnoDB
Hibernate: create table user (id bigint not null auto_increment, create_date datetime, modified_date datetime, email varchar(255) not null, name varchar(255) not null, picture varchar(255), role varchar(255) not null, primary key (id)) engine=InnoDB
2020-11-29 01:58:47.657  INFO 10784 --- [    Test worker] o.h.t.schema.internal.SchemaCreatorImpl  : HHH000476: Executing import script 'org.hibernate.tool.schema.internal.exec.ScriptSourceInputNonExistentImpl@14aa00ec'
2020-11-29 01:58:47.661  INFO 10784 --- [    Test worker] j.LocalContainerEntityManagerFactoryBean : Initialized JPA EntityManagerFactory for persistence unit 'default'
2020-11-29 01:58:48.416  INFO 10784 --- [    Test worker] o.h.h.i.QueryTranslatorFactoryInitiator  : HHH000397: Using ASTQueryTranslatorFactory
2020-11-29 01:58:49.023  INFO 10784 --- [    Test worker] o.s.s.web.DefaultSecurityFilterChain     : Creating filter chain: any request, [org.springframework.security.web.context.request.async.WebAsyncManagerIntegrationFilter@470b17fa, org.springframework.security.web.context.SecurityContextPersistenceFilter@1fec9867, org.springframework.security.web.header.HeaderWriterFilter@245b6f83, org.springframework.security.web.authentication.logout.LogoutFilter@7f1f3042, org.springframework.security.oauth2.client.web.OAuth2AuthorizationRequestRedirectFilter@51712b3, org.springframework.security.oauth2.client.web.OAuth2LoginAuthenticationFilter@14c971ef, org.springframework.security.web.authentication.ui.DefaultLoginPageGeneratingFilter@41434abf, org.springframework.security.web.authentication.ui.DefaultLogoutPageGeneratingFilter@7b4c15d9, org.springframework.security.web.savedrequest.RequestCacheAwareFilter@44e256e6, org.springframework.security.web.servletapi.SecurityContextHolderAwareRequestFilter@2d442c03, org.springframework.security.web.authentication.AnonymousAuthenticationFilter@7ecc5f16, org.springframework.security.web.session.SessionManagementFilter@397b7cc0, org.springframework.security.web.access.ExceptionTranslationFilter@335fb07d, org.springframework.security.web.access.intercept.FilterSecurityInterceptor@33340b52]
2020-11-29 01:58:50.434  INFO 10784 --- [    Test worker] o.s.s.concurrent.ThreadPoolTaskExecutor  : Initializing ExecutorService 'applicationTaskExecutor'
2020-11-29 01:58:50.605  WARN 10784 --- [    Test worker] aWebConfiguration$JpaWebMvcConfiguration : spring.jpa.open-in-view is enabled by default. Therefore, database queries may be performed during view rendering. Explicitly configure spring.jpa.open-in-view to disable this warning
2020-11-29 01:58:50.678  INFO 10784 --- [    Test worker] o.s.b.a.w.s.WelcomePageHandlerMapping    : Adding welcome page template: index
2020-11-29 01:58:51.465  INFO 10784 --- [    Test worker] s.a.ScheduledAnnotationBeanPostProcessor : No TaskScheduler/ScheduledExecutorService bean found for scheduled processing
2020-11-29 01:58:51.481  INFO 10784 --- [    Test worker] c.e.domain.posts.PostsRepositoryTest     : Started PostsRepositoryTest in 9.874 seconds (JVM running for 11.315)
Hibernate: insert into posts (create_date, modified_date, author, content, title) values (?, ?, ?, ?, ?)
Hibernate: select posts0_.id as id1_0_, posts0_.create_date as create_d2_0_, posts0_.modified_date as modified3_0_, posts0_.author as author4_0_, posts0_.content as content5_0_, posts0_.title as title6_0_ from posts posts0_
Hibernate: select posts0_.id as id1_0_, posts0_.create_date as create_d2_0_, posts0_.modified_date as modified3_0_, posts0_.author as author4_0_, posts0_.content as content5_0_, posts0_.title as title6_0_ from posts posts0_
Hibernate: delete from posts where id=?
Hibernate: insert into posts (create_date, modified_date, author, content, title) values (?, ?, ?, ?, ?)
Hibernate: select posts0_.id as id1_0_, posts0_.create_date as create_d2_0_, posts0_.modified_date as modified3_0_, posts0_.author as author4_0_, posts0_.content as content5_0_, posts0_.title as title6_0_ from posts posts0_
>>>>>>>>> createDate=2020-11-29T01:58:51.865368, modifiedDate=2020-11-29T01:58:51.865368
Hibernate: select posts0_.id as id1_0_, posts0_.create_date as create_d2_0_, posts0_.modified_date as modified3_0_, posts0_.author as author4_0_, posts0_.content as content5_0_, posts0_.title as title6_0_ from posts posts0_
Hibernate: delete from posts where id=?
]]></system-out>
  <system-err><![CDATA[]]></system-err>
</testsuite>
