<?xml version="1.0" encoding="UTF-8"?>
<testsuite name="com.example.web.PostsApiControllerTest" tests="2" skipped="0" failures="0" errors="0" timestamp="2020-11-28T16:58:57" hostname="DESKTOP-T0VS20O" time="0.114">
  <properties/>
  <testcase name="Posts_등록된다" classname="com.example.web.PostsApiControllerTest" time="0.083"/>
  <testcase name="Posts_수정된다" classname="com.example.web.PostsApiControllerTest" time="0.03"/>
  <system-out><![CDATA[2020-11-29 01:58:57.812  INFO 10784 --- [    Test worker] .b.t.c.SpringBootTestContextBootstrapper : Neither @ContextConfiguration nor @ContextHierarchy found for test class [com.example.web.PostsApiControllerTest], using SpringBootContextLoader
2020-11-29 01:58:57.815  INFO 10784 --- [    Test worker] o.s.t.c.support.AbstractContextLoader    : Could not detect default resource locations for test class [com.example.web.PostsApiControllerTest]: no resource found for suffixes {-context.xml, Context.groovy}.
2020-11-29 01:58:57.815  INFO 10784 --- [    Test worker] t.c.s.AnnotationConfigContextLoaderUtils : Could not detect default configuration classes for test class [com.example.web.PostsApiControllerTest]: PostsApiControllerTest does not declare any static, non-private, non-final, nested classes annotated with @Configuration.
2020-11-29 01:58:57.819  INFO 10784 --- [    Test worker] .b.t.c.SpringBootTestContextBootstrapper : Found @SpringBootConfiguration com.example.Main for test class com.example.web.PostsApiControllerTest
2020-11-29 01:58:57.824  INFO 10784 --- [    Test worker] .b.t.c.SpringBootTestContextBootstrapper : Loaded default TestExecutionListener class names from location [META-INF/spring.factories]: [org.springframework.security.test.context.support.WithSecurityContextTestExecutionListener, org.springframework.security.test.context.support.ReactorContextTestExecutionListener, org.springframework.boot.test.autoconfigure.restdocs.RestDocsTestExecutionListener, org.springframework.boot.test.autoconfigure.web.client.MockRestServiceServerResetTestExecutionListener, org.springframework.boot.test.autoconfigure.web.servlet.MockMvcPrintOnlyOnFailureTestExecutionListener, org.springframework.boot.test.autoconfigure.web.servlet.WebDriverTestExecutionListener, org.springframework.boot.test.mock.mockito.MockitoTestExecutionListener, org.springframework.boot.test.mock.mockito.ResetMocksTestExecutionListener, org.springframework.test.context.web.ServletTestExecutionListener, org.springframework.test.context.support.DirtiesContextBeforeModesTestExecutionListener, org.springframework.test.context.support.DependencyInjectionTestExecutionListener, org.springframework.test.context.support.DirtiesContextTestExecutionListener, org.springframework.test.context.transaction.TransactionalTestExecutionListener, org.springframework.test.context.jdbc.SqlScriptsTestExecutionListener]
2020-11-29 01:58:57.825  INFO 10784 --- [    Test worker] .b.t.c.SpringBootTestContextBootstrapper : Using TestExecutionListeners: [org.springframework.test.context.web.ServletTestExecutionListener@35f93ac3, org.springframework.test.context.support.DirtiesContextBeforeModesTestExecutionListener@5e98c45d, org.springframework.boot.test.mock.mockito.MockitoTestExecutionListener@35cae735, org.springframework.boot.test.autoconfigure.SpringBootDependencyInjectionTestExecutionListener@1e5da5fc, org.springframework.test.context.support.DirtiesContextTestExecutionListener@628ebbd6, org.springframework.test.context.transaction.TransactionalTestExecutionListener@7a2c21f6, org.springframework.test.context.jdbc.SqlScriptsTestExecutionListener@18bd92c9, org.springframework.security.test.context.support.WithSecurityContextTestExecutionListener@6bbca667, org.springframework.security.test.context.support.ReactorContextTestExecutionListener@7cfbf0cd, org.springframework.boot.test.autoconfigure.restdocs.RestDocsTestExecutionListener@67c34d35, org.springframework.boot.test.autoconfigure.web.client.MockRestServiceServerResetTestExecutionListener@131cb0de, org.springframework.boot.test.autoconfigure.web.servlet.MockMvcPrintOnlyOnFailureTestExecutionListener@1d1db344, org.springframework.boot.test.autoconfigure.web.servlet.WebDriverTestExecutionListener@3ec355b2, org.springframework.boot.test.mock.mockito.ResetMocksTestExecutionListener@43140dba]
2020-11-29 01:58:57.844  INFO 10784 --- [    Test worker] o.a.c.c.C.[Tomcat].[localhost].[/]       : Initializing Spring TestDispatcherServlet ''
2020-11-29 01:58:57.844  INFO 10784 --- [    Test worker] o.s.t.web.servlet.TestDispatcherServlet  : Initializing Servlet ''
2020-11-29 01:58:57.849  INFO 10784 --- [    Test worker] o.s.t.web.servlet.TestDispatcherServlet  : Completed initialization in 5 ms
Hibernate: insert into posts (create_date, modified_date, author, content, title) values (?, ?, ?, ?, ?)
Hibernate: select posts0_.id as id1_0_, posts0_.create_date as create_d2_0_, posts0_.modified_date as modified3_0_, posts0_.author as author4_0_, posts0_.content as content5_0_, posts0_.title as title6_0_ from posts posts0_
Hibernate: select posts0_.id as id1_0_, posts0_.create_date as create_d2_0_, posts0_.modified_date as modified3_0_, posts0_.author as author4_0_, posts0_.content as content5_0_, posts0_.title as title6_0_ from posts posts0_
Hibernate: delete from posts where id=?
2020-11-29 01:58:57.922  INFO 10784 --- [    Test worker] o.a.c.c.C.[Tomcat].[localhost].[/]       : Initializing Spring TestDispatcherServlet ''
2020-11-29 01:58:57.922  INFO 10784 --- [    Test worker] o.s.t.web.servlet.TestDispatcherServlet  : Initializing Servlet ''
2020-11-29 01:58:57.926  INFO 10784 --- [    Test worker] o.s.t.web.servlet.TestDispatcherServlet  : Completed initialization in 4 ms
Hibernate: insert into posts (create_date, modified_date, author, content, title) values (?, ?, ?, ?, ?)
Hibernate: select posts0_.id as id1_0_0_, posts0_.create_date as create_d2_0_0_, posts0_.modified_date as modified3_0_0_, posts0_.author as author4_0_0_, posts0_.content as content5_0_0_, posts0_.title as title6_0_0_ from posts posts0_ where posts0_.id=?
Hibernate: select posts0_.id as id1_0_, posts0_.create_date as create_d2_0_, posts0_.modified_date as modified3_0_, posts0_.author as author4_0_, posts0_.content as content5_0_, posts0_.title as title6_0_ from posts posts0_
Hibernate: select posts0_.id as id1_0_, posts0_.create_date as create_d2_0_, posts0_.modified_date as modified3_0_, posts0_.author as author4_0_, posts0_.content as content5_0_, posts0_.title as title6_0_ from posts posts0_
Hibernate: delete from posts where id=?
]]></system-out>
  <system-err><![CDATA[]]></system-err>
</testsuite>
