<?xml version="1.0" encoding="UTF-8"?>
<testsuite name="com.example.web.PostsApiControllerTest" tests="2" skipped="0" failures="0" errors="0" timestamp="2020-11-26T06:44:17" hostname="DESKTOP-T0VS20O" time="0.082">
  <properties/>
  <testcase name="Posts_등록된다" classname="com.example.web.PostsApiControllerTest" time="0.058"/>
  <testcase name="Posts_수정된다" classname="com.example.web.PostsApiControllerTest" time="0.023"/>
  <system-out><![CDATA[2020-11-26 15:44:17.582  INFO 12964 --- [    Test worker] .b.t.c.SpringBootTestContextBootstrapper : Neither @ContextConfiguration nor @ContextHierarchy found for test class [com.example.web.PostsApiControllerTest], using SpringBootContextLoader
2020-11-26 15:44:17.583  INFO 12964 --- [    Test worker] o.s.t.c.support.AbstractContextLoader    : Could not detect default resource locations for test class [com.example.web.PostsApiControllerTest]: no resource found for suffixes {-context.xml, Context.groovy}.
2020-11-26 15:44:17.583  INFO 12964 --- [    Test worker] t.c.s.AnnotationConfigContextLoaderUtils : Could not detect default configuration classes for test class [com.example.web.PostsApiControllerTest]: PostsApiControllerTest does not declare any static, non-private, non-final, nested classes annotated with @Configuration.
2020-11-26 15:44:17.585  INFO 12964 --- [    Test worker] .b.t.c.SpringBootTestContextBootstrapper : Found @SpringBootConfiguration com.example.Main for test class com.example.web.PostsApiControllerTest
2020-11-26 15:44:17.587  INFO 12964 --- [    Test worker] .b.t.c.SpringBootTestContextBootstrapper : Loaded default TestExecutionListener class names from location [META-INF/spring.factories]: [org.springframework.security.test.context.support.WithSecurityContextTestExecutionListener, org.springframework.security.test.context.support.ReactorContextTestExecutionListener, org.springframework.boot.test.autoconfigure.restdocs.RestDocsTestExecutionListener, org.springframework.boot.test.autoconfigure.web.client.MockRestServiceServerResetTestExecutionListener, org.springframework.boot.test.autoconfigure.web.servlet.MockMvcPrintOnlyOnFailureTestExecutionListener, org.springframework.boot.test.autoconfigure.web.servlet.WebDriverTestExecutionListener, org.springframework.boot.test.mock.mockito.MockitoTestExecutionListener, org.springframework.boot.test.mock.mockito.ResetMocksTestExecutionListener, org.springframework.test.context.web.ServletTestExecutionListener, org.springframework.test.context.support.DirtiesContextBeforeModesTestExecutionListener, org.springframework.test.context.support.DependencyInjectionTestExecutionListener, org.springframework.test.context.support.DirtiesContextTestExecutionListener, org.springframework.test.context.transaction.TransactionalTestExecutionListener, org.springframework.test.context.jdbc.SqlScriptsTestExecutionListener]
2020-11-26 15:44:17.588  INFO 12964 --- [    Test worker] .b.t.c.SpringBootTestContextBootstrapper : Using TestExecutionListeners: [org.springframework.test.context.web.ServletTestExecutionListener@3c5ace92, org.springframework.test.context.support.DirtiesContextBeforeModesTestExecutionListener@4690007c, org.springframework.boot.test.mock.mockito.MockitoTestExecutionListener@6ea10ab1, org.springframework.boot.test.autoconfigure.SpringBootDependencyInjectionTestExecutionListener@7ccb49ee, org.springframework.test.context.support.DirtiesContextTestExecutionListener@168f36bb, org.springframework.test.context.transaction.TransactionalTestExecutionListener@50da47f6, org.springframework.test.context.jdbc.SqlScriptsTestExecutionListener@36c82bde, org.springframework.security.test.context.support.WithSecurityContextTestExecutionListener@106a90d0, org.springframework.security.test.context.support.ReactorContextTestExecutionListener@7f3f4688, org.springframework.boot.test.autoconfigure.restdocs.RestDocsTestExecutionListener@7dd85b6e, org.springframework.boot.test.autoconfigure.web.client.MockRestServiceServerResetTestExecutionListener@a3919d0, org.springframework.boot.test.autoconfigure.web.servlet.MockMvcPrintOnlyOnFailureTestExecutionListener@4e91e457, org.springframework.boot.test.autoconfigure.web.servlet.WebDriverTestExecutionListener@4b1fe00b, org.springframework.boot.test.mock.mockito.ResetMocksTestExecutionListener@74a3d12d]
2020-11-26 15:44:17.597  INFO 12964 --- [    Test worker] o.a.c.c.C.[Tomcat].[localhost].[/]       : Initializing Spring TestDispatcherServlet ''
2020-11-26 15:44:17.597  INFO 12964 --- [    Test worker] o.s.t.web.servlet.TestDispatcherServlet  : Initializing Servlet ''
2020-11-26 15:44:17.599  INFO 12964 --- [    Test worker] o.s.t.web.servlet.TestDispatcherServlet  : Completed initialization in 2 ms
Hibernate: insert into posts (create_date, modified_date, author, content, title) values (?, ?, ?, ?, ?)
Hibernate: select posts0_.id as id1_0_, posts0_.create_date as create_d2_0_, posts0_.modified_date as modified3_0_, posts0_.author as author4_0_, posts0_.content as content5_0_, posts0_.title as title6_0_ from posts posts0_
Hibernate: select posts0_.id as id1_0_, posts0_.create_date as create_d2_0_, posts0_.modified_date as modified3_0_, posts0_.author as author4_0_, posts0_.content as content5_0_, posts0_.title as title6_0_ from posts posts0_
Hibernate: delete from posts where id=?
2020-11-26 15:44:17.654  INFO 12964 --- [    Test worker] o.a.c.c.C.[Tomcat].[localhost].[/]       : Initializing Spring TestDispatcherServlet ''
2020-11-26 15:44:17.654  INFO 12964 --- [    Test worker] o.s.t.web.servlet.TestDispatcherServlet  : Initializing Servlet ''
2020-11-26 15:44:17.656  INFO 12964 --- [    Test worker] o.s.t.web.servlet.TestDispatcherServlet  : Completed initialization in 2 ms
Hibernate: insert into posts (create_date, modified_date, author, content, title) values (?, ?, ?, ?, ?)
Hibernate: select posts0_.id as id1_0_0_, posts0_.create_date as create_d2_0_0_, posts0_.modified_date as modified3_0_0_, posts0_.author as author4_0_0_, posts0_.content as content5_0_0_, posts0_.title as title6_0_0_ from posts posts0_ where posts0_.id=?
Hibernate: select posts0_.id as id1_0_, posts0_.create_date as create_d2_0_, posts0_.modified_date as modified3_0_, posts0_.author as author4_0_, posts0_.content as content5_0_, posts0_.title as title6_0_ from posts posts0_
Hibernate: select posts0_.id as id1_0_, posts0_.create_date as create_d2_0_, posts0_.modified_date as modified3_0_, posts0_.author as author4_0_, posts0_.content as content5_0_, posts0_.title as title6_0_ from posts posts0_
Hibernate: delete from posts where id=?
]]></system-out>
  <system-err><![CDATA[]]></system-err>
</testsuite>
