<?xml version="1.0" encoding="UTF-8"?>
<testsuite name="com.example.domain.posts.PostsRepositoryTest" tests="2" skipped="0" failures="0" errors="0" timestamp="2020-11-26T06:44:13" hostname="DESKTOP-T0VS20O" time="0.37">
  <properties/>
  <testcase name="게시물저장_불러오기" classname="com.example.domain.posts.PostsRepositoryTest" time="0.35"/>
  <testcase name="BaseTimeEntity_등록" classname="com.example.domain.posts.PostsRepositoryTest" time="0.019"/>
  <system-out><![CDATA[2020-11-26 15:44:06.875  INFO 12964 --- [    Test worker] .b.t.c.SpringBootTestContextBootstrapper : Neither @ContextConfiguration nor @ContextHierarchy found for test class [com.example.domain.posts.PostsRepositoryTest], using SpringBootContextLoader
2020-11-26 15:44:06.877  INFO 12964 --- [    Test worker] o.s.t.c.support.AbstractContextLoader    : Could not detect default resource locations for test class [com.example.domain.posts.PostsRepositoryTest]: no resource found for suffixes {-context.xml, Context.groovy}.
2020-11-26 15:44:06.877  INFO 12964 --- [    Test worker] t.c.s.AnnotationConfigContextLoaderUtils : Could not detect default configuration classes for test class [com.example.domain.posts.PostsRepositoryTest]: PostsRepositoryTest does not declare any static, non-private, non-final, nested classes annotated with @Configuration.
2020-11-26 15:44:06.905  INFO 12964 --- [    Test worker] .b.t.c.SpringBootTestContextBootstrapper : Found @SpringBootConfiguration com.example.Main for test class com.example.domain.posts.PostsRepositoryTest
2020-11-26 15:44:06.909  INFO 12964 --- [    Test worker] .b.t.c.SpringBootTestContextBootstrapper : Loaded default TestExecutionListener class names from location [META-INF/spring.factories]: [org.springframework.security.test.context.support.WithSecurityContextTestExecutionListener, org.springframework.security.test.context.support.ReactorContextTestExecutionListener, org.springframework.boot.test.autoconfigure.restdocs.RestDocsTestExecutionListener, org.springframework.boot.test.autoconfigure.web.client.MockRestServiceServerResetTestExecutionListener, org.springframework.boot.test.autoconfigure.web.servlet.MockMvcPrintOnlyOnFailureTestExecutionListener, org.springframework.boot.test.autoconfigure.web.servlet.WebDriverTestExecutionListener, org.springframework.boot.test.mock.mockito.MockitoTestExecutionListener, org.springframework.boot.test.mock.mockito.ResetMocksTestExecutionListener, org.springframework.test.context.web.ServletTestExecutionListener, org.springframework.test.context.support.DirtiesContextBeforeModesTestExecutionListener, org.springframework.test.context.support.DependencyInjectionTestExecutionListener, org.springframework.test.context.support.DirtiesContextTestExecutionListener, org.springframework.test.context.transaction.TransactionalTestExecutionListener, org.springframework.test.context.jdbc.SqlScriptsTestExecutionListener]
2020-11-26 15:44:06.912  INFO 12964 --- [    Test worker] .b.t.c.SpringBootTestContextBootstrapper : Using TestExecutionListeners: [org.springframework.test.context.web.ServletTestExecutionListener@4625bcab, org.springframework.test.context.support.DirtiesContextBeforeModesTestExecutionListener@3c0c79bb, org.springframework.boot.test.mock.mockito.MockitoTestExecutionListener@dd357d9, org.springframework.boot.test.autoconfigure.SpringBootDependencyInjectionTestExecutionListener@12aca15b, org.springframework.test.context.support.DirtiesContextTestExecutionListener@79079741, org.springframework.test.context.transaction.TransactionalTestExecutionListener@2699e87b, org.springframework.test.context.jdbc.SqlScriptsTestExecutionListener@31e30eee, org.springframework.security.test.context.support.WithSecurityContextTestExecutionListener@46b2c7f0, org.springframework.security.test.context.support.ReactorContextTestExecutionListener@3caedf8, org.springframework.boot.test.autoconfigure.restdocs.RestDocsTestExecutionListener@6a7917ca, org.springframework.boot.test.autoconfigure.web.client.MockRestServiceServerResetTestExecutionListener@4344e015, org.springframework.boot.test.autoconfigure.web.servlet.MockMvcPrintOnlyOnFailureTestExecutionListener@131922ca, org.springframework.boot.test.autoconfigure.web.servlet.WebDriverTestExecutionListener@4768b87c, org.springframework.boot.test.mock.mockito.ResetMocksTestExecutionListener@658d301c]

  .   ____          _            __ _ _
 /\\ / ___'_ __ _ _(_)_ __  __ _ \ \ \ \
( ( )\___ | '_ | '_| | '_ \/ _` | \ \ \ \
 \\/  ___)| |_)| | | | | || (_| |  ) ) ) )
  '  |____| .__|_| |_|_| |_\__, | / / / /
 =========|_|==============|___/=/_/_/_/
 :: Spring Boot ::        (v2.1.7.RELEASE)

2020-11-26 15:44:06.969  INFO 12964 --- [    Test worker] c.e.domain.posts.PostsRepositoryTest     : Starting PostsRepositoryTest on DESKTOP-T0VS20O with PID 12964 (started by Lee-Gi-Su in C:\Users\Lee-Gi-Su\IdeaProjects\springboot-board)
2020-11-26 15:44:06.969  INFO 12964 --- [    Test worker] c.e.domain.posts.PostsRepositoryTest     : No active profile set, falling back to default profiles: default
2020-11-26 15:44:07.713  INFO 12964 --- [    Test worker] .s.d.r.c.RepositoryConfigurationDelegate : Bootstrapping Spring Data repositories in DEFAULT mode.
2020-11-26 15:44:07.827  INFO 12964 --- [    Test worker] .s.d.r.c.RepositoryConfigurationDelegate : Finished Spring Data repository scanning in 102ms. Found 2 repository interfaces.
2020-11-26 15:44:08.163  INFO 12964 --- [    Test worker] trationDelegate$BeanPostProcessorChecker : Bean 'org.springframework.transaction.annotation.ProxyTransactionManagementConfiguration' of type [org.springframework.transaction.annotation.ProxyTransactionManagementConfiguration$$EnhancerBySpringCGLIB$$46228739] is not eligible for getting processed by all BeanPostProcessors (for example: not eligible for auto-proxying)
2020-11-26 15:44:08.379  INFO 12964 --- [    Test worker] com.zaxxer.hikari.HikariDataSource       : HikariPool-1 - Starting...
2020-11-26 15:44:08.603  INFO 12964 --- [    Test worker] com.zaxxer.hikari.HikariDataSource       : HikariPool-1 - Start completed.
2020-11-26 15:44:08.728  INFO 12964 --- [    Test worker] o.hibernate.jpa.internal.util.LogHelper  : HHH000204: Processing PersistenceUnitInfo [
	name: default
	...]
2020-11-26 15:44:08.848  INFO 12964 --- [    Test worker] org.hibernate.Version                    : HHH000412: Hibernate Core {5.3.10.Final}
2020-11-26 15:44:08.852  INFO 12964 --- [    Test worker] org.hibernate.cfg.Environment            : HHH000206: hibernate.properties not found
2020-11-26 15:44:08.937  INFO 12964 --- [    Test worker] o.hibernate.annotations.common.Version   : HCANN000001: Hibernate Commons Annotations {5.0.4.Final}
2020-11-26 15:44:09.315  INFO 12964 --- [    Test worker] org.hibernate.dialect.Dialect            : HHH000400: Using dialect: org.hibernate.dialect.MySQL5InnoDBDialect
Hibernate: drop table if exists posts
Hibernate: drop table if exists user
Hibernate: create table posts (id bigint not null auto_increment, create_date datetime, modified_date datetime, author varchar(255), content Text not null, title varchar(500) not null, primary key (id)) engine=InnoDB
Hibernate: create table user (id bigint not null auto_increment, create_date datetime, modified_date datetime, email varchar(255) not null, name varchar(255) not null, picture varchar(255), role varchar(255) not null, primary key (id)) engine=InnoDB
2020-11-26 15:44:10.627  INFO 12964 --- [    Test worker] o.h.t.schema.internal.SchemaCreatorImpl  : HHH000476: Executing import script 'org.hibernate.tool.schema.internal.exec.ScriptSourceInputNonExistentImpl@2a835b43'
2020-11-26 15:44:10.632  INFO 12964 --- [    Test worker] j.LocalContainerEntityManagerFactoryBean : Initialized JPA EntityManagerFactory for persistence unit 'default'
2020-11-26 15:44:11.285  INFO 12964 --- [    Test worker] o.h.h.i.QueryTranslatorFactoryInitiator  : HHH000397: Using ASTQueryTranslatorFactory
2020-11-26 15:44:11.742  INFO 12964 --- [    Test worker] o.s.s.web.DefaultSecurityFilterChain     : Creating filter chain: any request, [org.springframework.security.web.context.request.async.WebAsyncManagerIntegrationFilter@44977a9e, org.springframework.security.web.context.SecurityContextPersistenceFilter@2bde47ae, org.springframework.security.web.header.HeaderWriterFilter@1cf82b94, org.springframework.security.web.authentication.logout.LogoutFilter@318c4ad, org.springframework.security.oauth2.client.web.OAuth2AuthorizationRequestRedirectFilter@11895041, org.springframework.security.oauth2.client.web.OAuth2LoginAuthenticationFilter@2ae3aecd, org.springframework.security.web.authentication.ui.DefaultLoginPageGeneratingFilter@5a221b70, org.springframework.security.web.authentication.ui.DefaultLogoutPageGeneratingFilter@73bff4f0, org.springframework.security.web.savedrequest.RequestCacheAwareFilter@236f51fb, org.springframework.security.web.servletapi.SecurityContextHolderAwareRequestFilter@7e966a89, org.springframework.security.web.authentication.AnonymousAuthenticationFilter@3d10afad, org.springframework.security.web.session.SessionManagementFilter@32a2d655, org.springframework.security.web.access.ExceptionTranslationFilter@40690a04, org.springframework.security.web.access.intercept.FilterSecurityInterceptor@10843582]
2020-11-26 15:44:12.309  INFO 12964 --- [    Test worker] o.s.s.concurrent.ThreadPoolTaskExecutor  : Initializing ExecutorService 'applicationTaskExecutor'
2020-11-26 15:44:12.348  WARN 12964 --- [    Test worker] aWebConfiguration$JpaWebMvcConfiguration : spring.jpa.open-in-view is enabled by default. Therefore, database queries may be performed during view rendering. Explicitly configure spring.jpa.open-in-view to disable this warning
2020-11-26 15:44:12.423  INFO 12964 --- [    Test worker] o.s.b.a.w.s.WelcomePageHandlerMapping    : Adding welcome page template: index
2020-11-26 15:44:13.518  INFO 12964 --- [    Test worker] s.a.ScheduledAnnotationBeanPostProcessor : No TaskScheduler/ScheduledExecutorService bean found for scheduled processing
2020-11-26 15:44:13.533  INFO 12964 --- [    Test worker] c.e.domain.posts.PostsRepositoryTest     : Started PostsRepositoryTest in 6.618 seconds (JVM running for 12.833)
Hibernate: insert into posts (create_date, modified_date, author, content, title) values (?, ?, ?, ?, ?)
Hibernate: select posts0_.id as id1_0_, posts0_.create_date as create_d2_0_, posts0_.modified_date as modified3_0_, posts0_.author as author4_0_, posts0_.content as content5_0_, posts0_.title as title6_0_ from posts posts0_
Hibernate: select posts0_.id as id1_0_, posts0_.create_date as create_d2_0_, posts0_.modified_date as modified3_0_, posts0_.author as author4_0_, posts0_.content as content5_0_, posts0_.title as title6_0_ from posts posts0_
Hibernate: delete from posts where id=?
Hibernate: insert into posts (create_date, modified_date, author, content, title) values (?, ?, ?, ?, ?)
Hibernate: select posts0_.id as id1_0_, posts0_.create_date as create_d2_0_, posts0_.modified_date as modified3_0_, posts0_.author as author4_0_, posts0_.content as content5_0_, posts0_.title as title6_0_ from posts posts0_
>>>>>>>>> createDate=2020-11-26T15:44:13.899063, modifiedDate=2020-11-26T15:44:13.899063
Hibernate: select posts0_.id as id1_0_, posts0_.create_date as create_d2_0_, posts0_.modified_date as modified3_0_, posts0_.author as author4_0_, posts0_.content as content5_0_, posts0_.title as title6_0_ from posts posts0_
Hibernate: delete from posts where id=?
]]></system-out>
  <system-err><![CDATA[]]></system-err>
</testsuite>
