<?xml version="1.0" encoding="UTF-8"?>
<testsuite name="com.example.web.IndexControllerTest" tests="1" skipped="0" failures="0" errors="0" timestamp="2020-11-28T16:58:57" hostname="DESKTOP-T0VS20O" time="0.244">
  <properties/>
  <testcase name="메인페이지_로딩" classname="com.example.web.IndexControllerTest" time="0.244"/>
  <system-out><![CDATA[2020-11-29 01:58:54.068  INFO 10784 --- [    Test worker] .b.t.c.SpringBootTestContextBootstrapper : Neither @ContextConfiguration nor @ContextHierarchy found for test class [com.example.web.IndexControllerTest], using SpringBootContextLoader
2020-11-29 01:58:54.069  INFO 10784 --- [    Test worker] o.s.t.c.support.AbstractContextLoader    : Could not detect default resource locations for test class [com.example.web.IndexControllerTest]: no resource found for suffixes {-context.xml, Context.groovy}.
2020-11-29 01:58:54.070  INFO 10784 --- [    Test worker] t.c.s.AnnotationConfigContextLoaderUtils : Could not detect default configuration classes for test class [com.example.web.IndexControllerTest]: IndexControllerTest does not declare any static, non-private, non-final, nested classes annotated with @Configuration.
2020-11-29 01:58:54.072  INFO 10784 --- [    Test worker] .b.t.c.SpringBootTestContextBootstrapper : Found @SpringBootConfiguration com.example.Main for test class com.example.web.IndexControllerTest
2020-11-29 01:58:54.075  INFO 10784 --- [    Test worker] .b.t.c.SpringBootTestContextBootstrapper : Loaded default TestExecutionListener class names from location [META-INF/spring.factories]: [org.springframework.security.test.context.support.WithSecurityContextTestExecutionListener, org.springframework.security.test.context.support.ReactorContextTestExecutionListener, org.springframework.boot.test.autoconfigure.restdocs.RestDocsTestExecutionListener, org.springframework.boot.test.autoconfigure.web.client.MockRestServiceServerResetTestExecutionListener, org.springframework.boot.test.autoconfigure.web.servlet.MockMvcPrintOnlyOnFailureTestExecutionListener, org.springframework.boot.test.autoconfigure.web.servlet.WebDriverTestExecutionListener, org.springframework.boot.test.mock.mockito.MockitoTestExecutionListener, org.springframework.boot.test.mock.mockito.ResetMocksTestExecutionListener, org.springframework.test.context.web.ServletTestExecutionListener, org.springframework.test.context.support.DirtiesContextBeforeModesTestExecutionListener, org.springframework.test.context.support.DependencyInjectionTestExecutionListener, org.springframework.test.context.support.DirtiesContextTestExecutionListener, org.springframework.test.context.transaction.TransactionalTestExecutionListener, org.springframework.test.context.jdbc.SqlScriptsTestExecutionListener]
2020-11-29 01:58:54.078  INFO 10784 --- [    Test worker] .b.t.c.SpringBootTestContextBootstrapper : Using TestExecutionListeners: [org.springframework.test.context.web.ServletTestExecutionListener@189f02c8, org.springframework.test.context.support.DirtiesContextBeforeModesTestExecutionListener@30b5323c, org.springframework.boot.test.mock.mockito.MockitoTestExecutionListener@676d0670, org.springframework.boot.test.autoconfigure.SpringBootDependencyInjectionTestExecutionListener@2e28761e, org.springframework.test.context.support.DirtiesContextTestExecutionListener@4e41b851, org.springframework.test.context.transaction.TransactionalTestExecutionListener@57fc5777, org.springframework.test.context.jdbc.SqlScriptsTestExecutionListener@58ad857e, org.springframework.security.test.context.support.WithSecurityContextTestExecutionListener@355890f3, org.springframework.security.test.context.support.ReactorContextTestExecutionListener@76182539, org.springframework.boot.test.autoconfigure.restdocs.RestDocsTestExecutionListener@43ea9362, org.springframework.boot.test.autoconfigure.web.client.MockRestServiceServerResetTestExecutionListener@77586814, org.springframework.boot.test.autoconfigure.web.servlet.MockMvcPrintOnlyOnFailureTestExecutionListener@676b104, org.springframework.boot.test.autoconfigure.web.servlet.WebDriverTestExecutionListener@31707d1e, org.springframework.boot.test.mock.mockito.ResetMocksTestExecutionListener@261699d1]

  .   ____          _            __ _ _
 /\\ / ___'_ __ _ _(_)_ __  __ _ \ \ \ \
( ( )\___ | '_ | '_| | '_ \/ _` | \ \ \ \
 \\/  ___)| |_)| | | | | || (_| |  ) ) ) )
  '  |____| .__|_| |_|_| |_\__, | / / / /
 =========|_|==============|___/=/_/_/_/
 :: Spring Boot ::        (v2.1.7.RELEASE)

2020-11-29 01:58:54.123  INFO 10784 --- [    Test worker] com.example.web.IndexControllerTest      : Starting IndexControllerTest on DESKTOP-T0VS20O with PID 10784 (started by Lee-Gi-Su in C:\Users\Lee-Gi-Su\IdeaProjects\springboot-board)
2020-11-29 01:58:54.124  INFO 10784 --- [    Test worker] com.example.web.IndexControllerTest      : No active profile set, falling back to default profiles: default
2020-11-29 01:58:54.437  INFO 10784 --- [    Test worker] .s.d.r.c.RepositoryConfigurationDelegate : Bootstrapping Spring Data repositories in DEFAULT mode.
2020-11-29 01:58:54.496  INFO 10784 --- [    Test worker] .s.d.r.c.RepositoryConfigurationDelegate : Finished Spring Data repository scanning in 58ms. Found 2 repository interfaces.
2020-11-29 01:58:54.631  INFO 10784 --- [    Test worker] trationDelegate$BeanPostProcessorChecker : Bean 'org.springframework.transaction.annotation.ProxyTransactionManagementConfiguration' of type [org.springframework.transaction.annotation.ProxyTransactionManagementConfiguration$$EnhancerBySpringCGLIB$$51c6390c] is not eligible for getting processed by all BeanPostProcessors (for example: not eligible for auto-proxying)
2020-11-29 01:58:54.980  INFO 10784 --- [    Test worker] o.s.b.w.embedded.tomcat.TomcatWebServer  : Tomcat initialized with port(s): 0 (http)
2020-11-29 01:58:55.021  INFO 10784 --- [    Test worker] o.apache.catalina.core.StandardService   : Starting service [Tomcat]
2020-11-29 01:58:55.022  INFO 10784 --- [    Test worker] org.apache.catalina.core.StandardEngine  : Starting Servlet engine: [Apache Tomcat/9.0.22]
2020-11-29 01:58:55.268  INFO 10784 --- [    Test worker] o.a.c.c.C.[Tomcat].[localhost].[/]       : Initializing Spring embedded WebApplicationContext
2020-11-29 01:58:55.268  INFO 10784 --- [    Test worker] o.s.web.context.ContextLoader            : Root WebApplicationContext: initialization completed in 1140 ms
2020-11-29 01:58:55.729  INFO 10784 --- [    Test worker] com.zaxxer.hikari.HikariDataSource       : HikariPool-2 - Starting...
2020-11-29 01:58:55.731  INFO 10784 --- [    Test worker] com.zaxxer.hikari.HikariDataSource       : HikariPool-2 - Start completed.
2020-11-29 01:58:55.844  INFO 10784 --- [    Test worker] o.hibernate.jpa.internal.util.LogHelper  : HHH000204: Processing PersistenceUnitInfo [
	name: default
	...]
2020-11-29 01:58:55.875  INFO 10784 --- [    Test worker] org.hibernate.dialect.Dialect            : HHH000400: Using dialect: org.hibernate.dialect.MySQL5InnoDBDialect
Hibernate: drop table if exists posts
Hibernate: drop table if exists user
Hibernate: create table posts (id bigint not null auto_increment, create_date datetime, modified_date datetime, author varchar(255), content Text not null, title varchar(500) not null, primary key (id)) engine=InnoDB
Hibernate: create table user (id bigint not null auto_increment, create_date datetime, modified_date datetime, email varchar(255) not null, name varchar(255) not null, picture varchar(255), role varchar(255) not null, primary key (id)) engine=InnoDB
2020-11-29 01:58:56.015  INFO 10784 --- [    Test worker] o.h.t.schema.internal.SchemaCreatorImpl  : HHH000476: Executing import script 'org.hibernate.tool.schema.internal.exec.ScriptSourceInputNonExistentImpl@14aa00ec'
2020-11-29 01:58:56.016  INFO 10784 --- [    Test worker] j.LocalContainerEntityManagerFactoryBean : Initialized JPA EntityManagerFactory for persistence unit 'default'
2020-11-29 01:58:56.746  INFO 10784 --- [    Test worker] o.h.h.i.QueryTranslatorFactoryInitiator  : HHH000397: Using ASTQueryTranslatorFactory
2020-11-29 01:58:56.947  INFO 10784 --- [    Test worker] o.s.s.web.DefaultSecurityFilterChain     : Creating filter chain: any request, [org.springframework.security.web.context.request.async.WebAsyncManagerIntegrationFilter@4a0f4acc, org.springframework.security.web.context.SecurityContextPersistenceFilter@2e407311, org.springframework.security.web.header.HeaderWriterFilter@3d779e42, org.springframework.security.web.authentication.logout.LogoutFilter@e16ec18, org.springframework.security.oauth2.client.web.OAuth2AuthorizationRequestRedirectFilter@38eecc81, org.springframework.security.oauth2.client.web.OAuth2LoginAuthenticationFilter@62bac962, org.springframework.security.web.authentication.ui.DefaultLoginPageGeneratingFilter@23e3db8e, org.springframework.security.web.authentication.ui.DefaultLogoutPageGeneratingFilter@2c062d4b, org.springframework.security.web.savedrequest.RequestCacheAwareFilter@1a70406b, org.springframework.security.web.servletapi.SecurityContextHolderAwareRequestFilter@1bf448e9, org.springframework.security.web.authentication.AnonymousAuthenticationFilter@62c2668e, org.springframework.security.web.session.SessionManagementFilter@8d60f26, org.springframework.security.web.access.ExceptionTranslationFilter@35903280, org.springframework.security.web.access.intercept.FilterSecurityInterceptor@6fa139c7]
2020-11-29 01:58:57.157  INFO 10784 --- [    Test worker] o.s.s.concurrent.ThreadPoolTaskExecutor  : Initializing ExecutorService 'applicationTaskExecutor'
2020-11-29 01:58:57.177  WARN 10784 --- [    Test worker] aWebConfiguration$JpaWebMvcConfiguration : spring.jpa.open-in-view is enabled by default. Therefore, database queries may be performed during view rendering. Explicitly configure spring.jpa.open-in-view to disable this warning
2020-11-29 01:58:57.219  INFO 10784 --- [    Test worker] o.s.b.a.w.s.WelcomePageHandlerMapping    : Adding welcome page template: index
2020-11-29 01:58:57.535  INFO 10784 --- [    Test worker] s.a.ScheduledAnnotationBeanPostProcessor : No TaskScheduler/ScheduledExecutorService bean found for scheduled processing
2020-11-29 01:58:57.557  INFO 10784 --- [    Test worker] o.s.b.w.embedded.tomcat.TomcatWebServer  : Tomcat started on port(s): 56746 (http) with context path ''
2020-11-29 01:58:57.558  INFO 10784 --- [    Test worker] com.example.web.IndexControllerTest      : Started IndexControllerTest in 3.477 seconds (JVM running for 17.391)
2020-11-29 01:58:57.689  INFO 10784 --- [o-auto-1-exec-1] o.a.c.c.C.[Tomcat].[localhost].[/]       : Initializing Spring DispatcherServlet 'dispatcherServlet'
2020-11-29 01:58:57.690  INFO 10784 --- [o-auto-1-exec-1] o.s.web.servlet.DispatcherServlet        : Initializing Servlet 'dispatcherServlet'
2020-11-29 01:58:57.714  INFO 10784 --- [o-auto-1-exec-1] o.s.web.servlet.DispatcherServlet        : Completed initialization in 23 ms
Hibernate: select posts0_.id as id1_0_, posts0_.create_date as create_d2_0_, posts0_.modified_date as modified3_0_, posts0_.author as author4_0_, posts0_.content as content5_0_, posts0_.title as title6_0_ from posts posts0_ order by posts0_.id DESC
]]></system-out>
  <system-err><![CDATA[]]></system-err>
</testsuite>
