<?xml version="1.0" encoding="UTF-8"?>
<testsuite name="com.example.web.HelloControllerTest" tests="2" skipped="0" failures="0" errors="0" timestamp="2020-11-29T11:08:09" hostname="DESKTOP-T0VS20O" time="0.185">
  <properties/>
  <testcase name="hello" classname="com.example.web.HelloControllerTest" time="0.078"/>
  <testcase name="helloDto가_리턴된다" classname="com.example.web.HelloControllerTest" time="0.106"/>
  <system-out><![CDATA[2020-11-29 20:08:07.766  INFO 21736 --- [    Test worker] .b.t.a.w.s.WebMvcTestContextBootstrapper : Neither @ContextConfiguration nor @ContextHierarchy found for test class [com.example.web.HelloControllerTest], using SpringBootContextLoader
2020-11-29 20:08:07.769  INFO 21736 --- [    Test worker] o.s.t.c.support.AbstractContextLoader    : Could not detect default resource locations for test class [com.example.web.HelloControllerTest]: no resource found for suffixes {-context.xml, Context.groovy}.
2020-11-29 20:08:07.770  INFO 21736 --- [    Test worker] t.c.s.AnnotationConfigContextLoaderUtils : Could not detect default configuration classes for test class [com.example.web.HelloControllerTest]: HelloControllerTest does not declare any static, non-private, non-final, nested classes annotated with @Configuration.
2020-11-29 20:08:07.849  INFO 21736 --- [    Test worker] .b.t.c.SpringBootTestContextBootstrapper : Found @SpringBootConfiguration com.example.Main for test class com.example.web.HelloControllerTest
2020-11-29 20:08:07.850  INFO 21736 --- [    Test worker] .b.t.a.w.s.WebMvcTestContextBootstrapper : Loaded default TestExecutionListener class names from location [META-INF/spring.factories]: [org.springframework.security.test.context.support.WithSecurityContextTestExecutionListener, org.springframework.security.test.context.support.ReactorContextTestExecutionListener, org.springframework.boot.test.autoconfigure.restdocs.RestDocsTestExecutionListener, org.springframework.boot.test.autoconfigure.web.client.MockRestServiceServerResetTestExecutionListener, org.springframework.boot.test.autoconfigure.web.servlet.MockMvcPrintOnlyOnFailureTestExecutionListener, org.springframework.boot.test.autoconfigure.web.servlet.WebDriverTestExecutionListener, org.springframework.boot.test.mock.mockito.MockitoTestExecutionListener, org.springframework.boot.test.mock.mockito.ResetMocksTestExecutionListener, org.springframework.test.context.web.ServletTestExecutionListener, org.springframework.test.context.support.DirtiesContextBeforeModesTestExecutionListener, org.springframework.test.context.support.DependencyInjectionTestExecutionListener, org.springframework.test.context.support.DirtiesContextTestExecutionListener, org.springframework.test.context.transaction.TransactionalTestExecutionListener, org.springframework.test.context.jdbc.SqlScriptsTestExecutionListener]
2020-11-29 20:08:07.853  INFO 21736 --- [    Test worker] .b.t.a.w.s.WebMvcTestContextBootstrapper : Using TestExecutionListeners: [org.springframework.test.context.web.ServletTestExecutionListener@2b488c9, org.springframework.test.context.support.DirtiesContextBeforeModesTestExecutionListener@73fc1703, org.springframework.boot.test.mock.mockito.MockitoTestExecutionListener@631df010, org.springframework.boot.test.autoconfigure.SpringBootDependencyInjectionTestExecutionListener@7d89942f, org.springframework.test.context.support.DirtiesContextTestExecutionListener@5b5da997, org.springframework.test.context.transaction.TransactionalTestExecutionListener@480ae9f0, org.springframework.test.context.jdbc.SqlScriptsTestExecutionListener@449b0d91, org.springframework.security.test.context.support.WithSecurityContextTestExecutionListener@7582c1c1, org.springframework.security.test.context.support.ReactorContextTestExecutionListener@4325cff7, org.springframework.boot.test.autoconfigure.restdocs.RestDocsTestExecutionListener@5c7ffb0a, org.springframework.boot.test.autoconfigure.web.client.MockRestServiceServerResetTestExecutionListener@40149291, org.springframework.boot.test.autoconfigure.web.servlet.MockMvcPrintOnlyOnFailureTestExecutionListener@23fbdf9b, org.springframework.boot.test.autoconfigure.web.servlet.WebDriverTestExecutionListener@4e4cf664, org.springframework.boot.test.mock.mockito.ResetMocksTestExecutionListener@6dc8e30c]

  .   ____          _            __ _ _
 /\\ / ___'_ __ _ _(_)_ __  __ _ \ \ \ \
( ( )\___ | '_ | '_| | '_ \/ _` | \ \ \ \
 \\/  ___)| |_)| | | | | || (_| |  ) ) ) )
  '  |____| .__|_| |_|_| |_\__, | / / / /
 =========|_|==============|___/=/_/_/_/
 :: Spring Boot ::        (v2.1.7.RELEASE)

2020-11-29 20:08:07.929  INFO 21736 --- [    Test worker] com.example.web.HelloControllerTest      : Starting HelloControllerTest on DESKTOP-T0VS20O with PID 21736 (started by Lee-Gi-Su in C:\Users\Lee-Gi-Su\IdeaProjects\springboot-board)
2020-11-29 20:08:07.931  INFO 21736 --- [    Test worker] com.example.web.HelloControllerTest      : No active profile set, falling back to default profiles: default
2020-11-29 20:08:08.858  INFO 21736 --- [    Test worker] o.s.s.concurrent.ThreadPoolTaskExecutor  : Initializing ExecutorService 'applicationTaskExecutor'
2020-11-29 20:08:08.891  INFO 21736 --- [    Test worker] o.s.b.a.w.s.WelcomePageHandlerMapping    : Adding welcome page template: index
2020-11-29 20:08:09.182  INFO 21736 --- [    Test worker] .s.s.UserDetailsServiceAutoConfiguration : 

Using generated security password: c4a13643-25b5-4bfe-832b-8fe5ffbf83be

2020-11-29 20:08:09.342  INFO 21736 --- [    Test worker] o.s.s.web.DefaultSecurityFilterChain     : Creating filter chain: any request, [org.springframework.security.web.context.request.async.WebAsyncManagerIntegrationFilter@1fd41d1f, org.springframework.security.web.context.SecurityContextPersistenceFilter@25d11290, org.springframework.security.web.header.HeaderWriterFilter@6407ea10, org.springframework.security.web.csrf.CsrfFilter@27727e94, org.springframework.security.web.authentication.logout.LogoutFilter@6442b1aa, org.springframework.security.web.authentication.UsernamePasswordAuthenticationFilter@6303e72c, org.springframework.security.web.authentication.ui.DefaultLoginPageGeneratingFilter@10ae745a, org.springframework.security.web.authentication.ui.DefaultLogoutPageGeneratingFilter@5818c39c, org.springframework.security.web.authentication.www.BasicAuthenticationFilter@39a5b68a, org.springframework.security.web.savedrequest.RequestCacheAwareFilter@369ceff5, org.springframework.security.web.servletapi.SecurityContextHolderAwareRequestFilter@6d10c45c, org.springframework.security.web.authentication.AnonymousAuthenticationFilter@4c1d2ff3, org.springframework.security.web.session.SessionManagementFilter@50b5aeda, org.springframework.security.web.access.ExceptionTranslationFilter@1ce1e7f8, org.springframework.security.web.access.intercept.FilterSecurityInterceptor@3e9dbb51]
2020-11-29 20:08:09.379  INFO 21736 --- [    Test worker] o.s.b.t.m.w.SpringBootMockServletContext : Initializing Spring TestDispatcherServlet ''
2020-11-29 20:08:09.380  INFO 21736 --- [    Test worker] o.s.t.web.servlet.TestDispatcherServlet  : Initializing Servlet ''
2020-11-29 20:08:09.396  INFO 21736 --- [    Test worker] o.s.t.web.servlet.TestDispatcherServlet  : Completed initialization in 16 ms
2020-11-29 20:08:09.437  INFO 21736 --- [    Test worker] com.example.web.HelloControllerTest      : Started HelloControllerTest in 1.578 seconds (JVM running for 14.132)
]]></system-out>
  <system-err><![CDATA[]]></system-err>
</testsuite>
