<?xml version="1.0" encoding="UTF-8"?>
<testsuite name="com.example.web.HelloControllerTest" tests="2" skipped="0" failures="0" errors="0" timestamp="2020-11-28T16:58:53" hostname="DESKTOP-T0VS20O" time="0.187">
  <properties/>
  <testcase name="hello" classname="com.example.web.HelloControllerTest" time="0.1"/>
  <testcase name="helloDto가_리턴된다" classname="com.example.web.HelloControllerTest" time="0.086"/>
  <system-out><![CDATA[2020-11-29 01:58:51.895  INFO 10784 --- [    Test worker] .b.t.a.w.s.WebMvcTestContextBootstrapper : Neither @ContextConfiguration nor @ContextHierarchy found for test class [com.example.web.HelloControllerTest], using SpringBootContextLoader
2020-11-29 01:58:51.898  INFO 10784 --- [    Test worker] o.s.t.c.support.AbstractContextLoader    : Could not detect default resource locations for test class [com.example.web.HelloControllerTest]: no resource found for suffixes {-context.xml, Context.groovy}.
2020-11-29 01:58:51.898  INFO 10784 --- [    Test worker] t.c.s.AnnotationConfigContextLoaderUtils : Could not detect default configuration classes for test class [com.example.web.HelloControllerTest]: HelloControllerTest does not declare any static, non-private, non-final, nested classes annotated with @Configuration.
2020-11-29 01:58:51.933  INFO 10784 --- [    Test worker] .b.t.c.SpringBootTestContextBootstrapper : Found @SpringBootConfiguration com.example.Main for test class com.example.web.HelloControllerTest
2020-11-29 01:58:51.934  INFO 10784 --- [    Test worker] .b.t.a.w.s.WebMvcTestContextBootstrapper : Loaded default TestExecutionListener class names from location [META-INF/spring.factories]: [org.springframework.security.test.context.support.WithSecurityContextTestExecutionListener, org.springframework.security.test.context.support.ReactorContextTestExecutionListener, org.springframework.boot.test.autoconfigure.restdocs.RestDocsTestExecutionListener, org.springframework.boot.test.autoconfigure.web.client.MockRestServiceServerResetTestExecutionListener, org.springframework.boot.test.autoconfigure.web.servlet.MockMvcPrintOnlyOnFailureTestExecutionListener, org.springframework.boot.test.autoconfigure.web.servlet.WebDriverTestExecutionListener, org.springframework.boot.test.mock.mockito.MockitoTestExecutionListener, org.springframework.boot.test.mock.mockito.ResetMocksTestExecutionListener, org.springframework.test.context.web.ServletTestExecutionListener, org.springframework.test.context.support.DirtiesContextBeforeModesTestExecutionListener, org.springframework.test.context.support.DependencyInjectionTestExecutionListener, org.springframework.test.context.support.DirtiesContextTestExecutionListener, org.springframework.test.context.transaction.TransactionalTestExecutionListener, org.springframework.test.context.jdbc.SqlScriptsTestExecutionListener]
2020-11-29 01:58:51.936  INFO 10784 --- [    Test worker] .b.t.a.w.s.WebMvcTestContextBootstrapper : Using TestExecutionListeners: [org.springframework.test.context.web.ServletTestExecutionListener@ba7954a, org.springframework.test.context.support.DirtiesContextBeforeModesTestExecutionListener@3fcf1428, org.springframework.boot.test.mock.mockito.MockitoTestExecutionListener@686581cd, org.springframework.boot.test.autoconfigure.SpringBootDependencyInjectionTestExecutionListener@3608e62a, org.springframework.test.context.support.DirtiesContextTestExecutionListener@1b22864, org.springframework.test.context.transaction.TransactionalTestExecutionListener@461b022e, org.springframework.test.context.jdbc.SqlScriptsTestExecutionListener@2b488c9, org.springframework.security.test.context.support.WithSecurityContextTestExecutionListener@73fc1703, org.springframework.security.test.context.support.ReactorContextTestExecutionListener@631df010, org.springframework.boot.test.autoconfigure.restdocs.RestDocsTestExecutionListener@7d89942f, org.springframework.boot.test.autoconfigure.web.client.MockRestServiceServerResetTestExecutionListener@5b5da997, org.springframework.boot.test.autoconfigure.web.servlet.MockMvcPrintOnlyOnFailureTestExecutionListener@480ae9f0, org.springframework.boot.test.autoconfigure.web.servlet.WebDriverTestExecutionListener@449b0d91, org.springframework.boot.test.mock.mockito.ResetMocksTestExecutionListener@7582c1c1]

  .   ____          _            __ _ _
 /\\ / ___'_ __ _ _(_)_ __  __ _ \ \ \ \
( ( )\___ | '_ | '_| | '_ \/ _` | \ \ \ \
 \\/  ___)| |_)| | | | | || (_| |  ) ) ) )
  '  |____| .__|_| |_|_| |_\__, | / / / /
 =========|_|==============|___/=/_/_/_/
 :: Spring Boot ::        (v2.1.7.RELEASE)

2020-11-29 01:58:52.005  INFO 10784 --- [    Test worker] com.example.web.HelloControllerTest      : Starting HelloControllerTest on DESKTOP-T0VS20O with PID 10784 (started by Lee-Gi-Su in C:\Users\Lee-Gi-Su\IdeaProjects\springboot-board)
2020-11-29 01:58:52.011  INFO 10784 --- [    Test worker] com.example.web.HelloControllerTest      : No active profile set, falling back to default profiles: default
2020-11-29 01:58:52.997  INFO 10784 --- [    Test worker] o.s.s.concurrent.ThreadPoolTaskExecutor  : Initializing ExecutorService 'applicationTaskExecutor'
2020-11-29 01:58:53.076  INFO 10784 --- [    Test worker] o.s.b.a.w.s.WelcomePageHandlerMapping    : Adding welcome page template: index
2020-11-29 01:58:53.535  INFO 10784 --- [    Test worker] .s.s.UserDetailsServiceAutoConfiguration : 

Using generated security password: eba29baa-b254-4faf-84d5-ba3614b3be23

2020-11-29 01:58:53.782  INFO 10784 --- [    Test worker] o.s.s.web.DefaultSecurityFilterChain     : Creating filter chain: any request, [org.springframework.security.web.context.request.async.WebAsyncManagerIntegrationFilter@2426b836, org.springframework.security.web.context.SecurityContextPersistenceFilter@6e3df48d, org.springframework.security.web.header.HeaderWriterFilter@75917d11, org.springframework.security.web.csrf.CsrfFilter@74606a97, org.springframework.security.web.authentication.logout.LogoutFilter@50b5aeda, org.springframework.security.web.authentication.UsernamePasswordAuthenticationFilter@3d46a14d, org.springframework.security.web.authentication.ui.DefaultLoginPageGeneratingFilter@27727e94, org.springframework.security.web.authentication.ui.DefaultLogoutPageGeneratingFilter@77b19430, org.springframework.security.web.authentication.www.BasicAuthenticationFilter@3e9dbb51, org.springframework.security.web.savedrequest.RequestCacheAwareFilter@4f9eb5e3, org.springframework.security.web.servletapi.SecurityContextHolderAwareRequestFilter@319920f4, org.springframework.security.web.authentication.AnonymousAuthenticationFilter@24a5eea4, org.springframework.security.web.session.SessionManagementFilter@2d285e6, org.springframework.security.web.access.ExceptionTranslationFilter@2ab16677, org.springframework.security.web.access.intercept.FilterSecurityInterceptor@10ae745a]
2020-11-29 01:58:53.819  INFO 10784 --- [    Test worker] o.s.b.t.m.w.SpringBootMockServletContext : Initializing Spring TestDispatcherServlet ''
2020-11-29 01:58:53.819  INFO 10784 --- [    Test worker] o.s.t.web.servlet.TestDispatcherServlet  : Initializing Servlet ''
2020-11-29 01:58:53.833  INFO 10784 --- [    Test worker] o.s.t.web.servlet.TestDispatcherServlet  : Completed initialization in 14 ms
2020-11-29 01:58:53.872  INFO 10784 --- [    Test worker] com.example.web.HelloControllerTest      : Started HelloControllerTest in 1.931 seconds (JVM running for 13.706)
]]></system-out>
  <system-err><![CDATA[]]></system-err>
</testsuite>
