<?xml version="1.0" encoding="UTF-8"?>
<testsuite name="com.example.web.IndexControllerTest" tests="1" skipped="0" failures="0" errors="0" timestamp="2020-12-02T18:21:32" hostname="DESKTOP-T0VS20O" time="0.395">
  <properties/>
  <testcase name="메인페이지_로딩" classname="com.example.web.IndexControllerTest" time="0.395"/>
  <system-out><![CDATA[2020-12-03 03:21:28.275  INFO 1452 --- [    Test worker] .b.t.c.SpringBootTestContextBootstrapper : Neither @ContextConfiguration nor @ContextHierarchy found for test class [com.example.web.IndexControllerTest], using SpringBootContextLoader
2020-12-03 03:21:28.277  INFO 1452 --- [    Test worker] o.s.t.c.support.AbstractContextLoader    : Could not detect default resource locations for test class [com.example.web.IndexControllerTest]: no resource found for suffixes {-context.xml, Context.groovy}.
2020-12-03 03:21:28.278  INFO 1452 --- [    Test worker] t.c.s.AnnotationConfigContextLoaderUtils : Could not detect default configuration classes for test class [com.example.web.IndexControllerTest]: IndexControllerTest does not declare any static, non-private, non-final, nested classes annotated with @Configuration.
2020-12-03 03:21:28.282  INFO 1452 --- [    Test worker] .b.t.c.SpringBootTestContextBootstrapper : Found @SpringBootConfiguration com.example.Main for test class com.example.web.IndexControllerTest
2020-12-03 03:21:28.285  INFO 1452 --- [    Test worker] .b.t.c.SpringBootTestContextBootstrapper : Loaded default TestExecutionListener class names from location [META-INF/spring.factories]: [org.springframework.security.test.context.support.WithSecurityContextTestExecutionListener, org.springframework.security.test.context.support.ReactorContextTestExecutionListener, org.springframework.boot.test.autoconfigure.restdocs.RestDocsTestExecutionListener, org.springframework.boot.test.autoconfigure.web.client.MockRestServiceServerResetTestExecutionListener, org.springframework.boot.test.autoconfigure.web.servlet.MockMvcPrintOnlyOnFailureTestExecutionListener, org.springframework.boot.test.autoconfigure.web.servlet.WebDriverTestExecutionListener, org.springframework.boot.test.mock.mockito.MockitoTestExecutionListener, org.springframework.boot.test.mock.mockito.ResetMocksTestExecutionListener, org.springframework.test.context.web.ServletTestExecutionListener, org.springframework.test.context.support.DirtiesContextBeforeModesTestExecutionListener, org.springframework.test.context.support.DependencyInjectionTestExecutionListener, org.springframework.test.context.support.DirtiesContextTestExecutionListener, org.springframework.test.context.transaction.TransactionalTestExecutionListener, org.springframework.test.context.jdbc.SqlScriptsTestExecutionListener]
2020-12-03 03:21:28.288  INFO 1452 --- [    Test worker] .b.t.c.SpringBootTestContextBootstrapper : Using TestExecutionListeners: [org.springframework.test.context.web.ServletTestExecutionListener@45c6c944, org.springframework.test.context.support.DirtiesContextBeforeModesTestExecutionListener@766c1555, org.springframework.boot.test.mock.mockito.MockitoTestExecutionListener@227909a8, org.springframework.boot.test.autoconfigure.SpringBootDependencyInjectionTestExecutionListener@3d0e6455, org.springframework.test.context.support.DirtiesContextTestExecutionListener@4ef10659, org.springframework.test.context.transaction.TransactionalTestExecutionListener@5821746f, org.springframework.test.context.jdbc.SqlScriptsTestExecutionListener@32ff028a, org.springframework.security.test.context.support.WithSecurityContextTestExecutionListener@7c9df44c, org.springframework.security.test.context.support.ReactorContextTestExecutionListener@3a98e648, org.springframework.boot.test.autoconfigure.restdocs.RestDocsTestExecutionListener@69496f78, org.springframework.boot.test.autoconfigure.web.client.MockRestServiceServerResetTestExecutionListener@23e8db89, org.springframework.boot.test.autoconfigure.web.servlet.MockMvcPrintOnlyOnFailureTestExecutionListener@30c4742c, org.springframework.boot.test.autoconfigure.web.servlet.WebDriverTestExecutionListener@4d937eda, org.springframework.boot.test.mock.mockito.ResetMocksTestExecutionListener@6f83fabf]

  .   ____          _            __ _ _
 /\\ / ___'_ __ _ _(_)_ __  __ _ \ \ \ \
( ( )\___ | '_ | '_| | '_ \/ _` | \ \ \ \
 \\/  ___)| |_)| | | | | || (_| |  ) ) ) )
  '  |____| .__|_| |_|_| |_\__, | / / / /
 =========|_|==============|___/=/_/_/_/
 :: Spring Boot ::        (v2.1.7.RELEASE)

2020-12-03 03:21:28.368  INFO 1452 --- [    Test worker] com.example.web.IndexControllerTest      : Starting IndexControllerTest on DESKTOP-T0VS20O with PID 1452 (started by Lee-Gi-Su in C:\Users\Lee-Gi-Su\IdeaProjects\springboot-board)
2020-12-03 03:21:28.369  INFO 1452 --- [    Test worker] com.example.web.IndexControllerTest      : No active profile set, falling back to default profiles: default
2020-12-03 03:21:28.949  INFO 1452 --- [    Test worker] .s.d.r.c.RepositoryConfigurationDelegate : Bootstrapping Spring Data repositories in DEFAULT mode.
2020-12-03 03:21:29.011  INFO 1452 --- [    Test worker] .s.d.r.c.RepositoryConfigurationDelegate : Finished Spring Data repository scanning in 62ms. Found 2 repository interfaces.
2020-12-03 03:21:29.219  INFO 1452 --- [    Test worker] trationDelegate$BeanPostProcessorChecker : Bean 'org.springframework.transaction.annotation.ProxyTransactionManagementConfiguration' of type [org.springframework.transaction.annotation.ProxyTransactionManagementConfiguration$$EnhancerBySpringCGLIB$$981a070b] is not eligible for getting processed by all BeanPostProcessors (for example: not eligible for auto-proxying)
2020-12-03 03:21:29.739  INFO 1452 --- [    Test worker] o.s.b.w.embedded.tomcat.TomcatWebServer  : Tomcat initialized with port(s): 0 (http)
2020-12-03 03:21:29.785  INFO 1452 --- [    Test worker] o.apache.catalina.core.StandardService   : Starting service [Tomcat]
2020-12-03 03:21:29.786  INFO 1452 --- [    Test worker] org.apache.catalina.core.StandardEngine  : Starting Servlet engine: [Apache Tomcat/9.0.22]
2020-12-03 03:21:30.061  INFO 1452 --- [    Test worker] o.a.c.c.C.[Tomcat].[localhost].[/]       : Initializing Spring embedded WebApplicationContext
2020-12-03 03:21:30.061  INFO 1452 --- [    Test worker] o.s.web.context.ContextLoader            : Root WebApplicationContext: initialization completed in 1677 ms
2020-12-03 03:21:30.334  INFO 1452 --- [    Test worker] com.zaxxer.hikari.HikariDataSource       : HikariPool-2 - Starting...
2020-12-03 03:21:30.336  INFO 1452 --- [    Test worker] com.zaxxer.hikari.HikariDataSource       : HikariPool-2 - Start completed.
2020-12-03 03:21:30.385  INFO 1452 --- [    Test worker] o.hibernate.jpa.internal.util.LogHelper  : HHH000204: Processing PersistenceUnitInfo [
	name: default
	...]
2020-12-03 03:21:30.399  INFO 1452 --- [    Test worker] org.hibernate.dialect.Dialect            : HHH000400: Using dialect: org.hibernate.dialect.MySQL5InnoDBDialect
Hibernate: alter table posts drop foreign key FKam8ar6luvp8afhfu20gfsydo9
Hibernate: drop table if exists posts
Hibernate: drop table if exists user
Hibernate: create table posts (id bigint not null auto_increment, create_date datetime, modified_date datetime, author varchar(255), content Text not null, title varchar(500) not null, user_id bigint, primary key (id)) engine=InnoDB
Hibernate: create table user (user_id bigint not null auto_increment, create_date datetime, modified_date datetime, email varchar(255) not null, name varchar(255) not null, picture varchar(255), role varchar(255) not null, primary key (user_id)) engine=InnoDB
Hibernate: alter table posts add constraint FKam8ar6luvp8afhfu20gfsydo9 foreign key (user_id) references user (user_id)
2020-12-03 03:21:30.481  INFO 1452 --- [    Test worker] o.h.t.schema.internal.SchemaCreatorImpl  : HHH000476: Executing import script 'org.hibernate.tool.schema.internal.exec.ScriptSourceInputNonExistentImpl@3e0d4f52'
2020-12-03 03:21:30.482  INFO 1452 --- [    Test worker] j.LocalContainerEntityManagerFactoryBean : Initialized JPA EntityManagerFactory for persistence unit 'default'
2020-12-03 03:21:30.948  INFO 1452 --- [    Test worker] o.h.h.i.QueryTranslatorFactoryInitiator  : HHH000397: Using ASTQueryTranslatorFactory
2020-12-03 03:21:31.166  INFO 1452 --- [    Test worker] o.s.s.web.DefaultSecurityFilterChain     : Creating filter chain: any request, [org.springframework.security.web.context.request.async.WebAsyncManagerIntegrationFilter@4ff3d263, org.springframework.security.web.context.SecurityContextPersistenceFilter@7c98e0e9, org.springframework.security.web.header.HeaderWriterFilter@18635bc8, org.springframework.security.web.authentication.logout.LogoutFilter@3e4dc454, org.springframework.security.oauth2.client.web.OAuth2AuthorizationRequestRedirectFilter@2bce9c, org.springframework.security.oauth2.client.web.OAuth2LoginAuthenticationFilter@387ac78d, org.springframework.security.web.authentication.ui.DefaultLoginPageGeneratingFilter@5e9f3a8, org.springframework.security.web.authentication.ui.DefaultLogoutPageGeneratingFilter@b275301, org.springframework.security.web.savedrequest.RequestCacheAwareFilter@6ac6b5, org.springframework.security.web.servletapi.SecurityContextHolderAwareRequestFilter@255706b, org.springframework.security.web.authentication.AnonymousAuthenticationFilter@55a623d7, org.springframework.security.web.session.SessionManagementFilter@723eb0b1, org.springframework.security.web.access.ExceptionTranslationFilter@57357778, org.springframework.security.web.access.intercept.FilterSecurityInterceptor@45502814]
2020-12-03 03:21:31.578  INFO 1452 --- [    Test worker] o.s.s.concurrent.ThreadPoolTaskExecutor  : Initializing ExecutorService 'applicationTaskExecutor'
2020-12-03 03:21:31.616  WARN 1452 --- [    Test worker] aWebConfiguration$JpaWebMvcConfiguration : spring.jpa.open-in-view is enabled by default. Therefore, database queries may be performed during view rendering. Explicitly configure spring.jpa.open-in-view to disable this warning
2020-12-03 03:21:31.700  INFO 1452 --- [    Test worker] o.s.b.a.w.s.WelcomePageHandlerMapping    : Adding welcome page template: index
2020-12-03 03:21:32.323  INFO 1452 --- [    Test worker] s.a.ScheduledAnnotationBeanPostProcessor : No TaskScheduler/ScheduledExecutorService bean found for scheduled processing
2020-12-03 03:21:32.367  INFO 1452 --- [    Test worker] o.s.b.w.embedded.tomcat.TomcatWebServer  : Tomcat started on port(s): 50426 (http) with context path ''
2020-12-03 03:21:32.369  INFO 1452 --- [    Test worker] com.example.web.IndexControllerTest      : Started IndexControllerTest in 4.076 seconds (JVM running for 17.808)
2020-12-03 03:21:32.615  INFO 1452 --- [o-auto-1-exec-1] o.a.c.c.C.[Tomcat].[localhost].[/]       : Initializing Spring DispatcherServlet 'dispatcherServlet'
2020-12-03 03:21:32.617  INFO 1452 --- [o-auto-1-exec-1] o.s.web.servlet.DispatcherServlet        : Initializing Servlet 'dispatcherServlet'
2020-12-03 03:21:32.655  INFO 1452 --- [o-auto-1-exec-1] o.s.web.servlet.DispatcherServlet        : Completed initialization in 37 ms
Hibernate: select posts0_.id as id1_0_, posts0_.create_date as create_d2_0_, posts0_.modified_date as modified3_0_, posts0_.author as author4_0_, posts0_.content as content5_0_, posts0_.title as title6_0_, posts0_.user_id as user_id7_0_ from posts posts0_ order by posts0_.id DESC
]]></system-out>
  <system-err><![CDATA[]]></system-err>
</testsuite>
