<?xml version="1.0" encoding="UTF-8"?>
<testsuite name="com.example.web.IndexControllerTest" tests="1" skipped="0" failures="0" errors="0" timestamp="2020-12-03T17:28:26" hostname="DESKTOP-T0VS20O" time="0.18">
  <properties/>
  <testcase name="메인페이지_로딩" classname="com.example.web.IndexControllerTest" time="0.18"/>
  <system-out><![CDATA[2020-12-04 02:28:22.658  INFO 21104 --- [    Test worker] .b.t.c.SpringBootTestContextBootstrapper : Neither @ContextConfiguration nor @ContextHierarchy found for test class [com.example.web.IndexControllerTest], using SpringBootContextLoader
2020-12-04 02:28:22.661  INFO 21104 --- [    Test worker] o.s.t.c.support.AbstractContextLoader    : Could not detect default resource locations for test class [com.example.web.IndexControllerTest]: no resource found for suffixes {-context.xml, Context.groovy}.
2020-12-04 02:28:22.661  INFO 21104 --- [    Test worker] t.c.s.AnnotationConfigContextLoaderUtils : Could not detect default configuration classes for test class [com.example.web.IndexControllerTest]: IndexControllerTest does not declare any static, non-private, non-final, nested classes annotated with @Configuration.
2020-12-04 02:28:22.666  INFO 21104 --- [    Test worker] .b.t.c.SpringBootTestContextBootstrapper : Found @SpringBootConfiguration com.example.Main for test class com.example.web.IndexControllerTest
2020-12-04 02:28:22.668  INFO 21104 --- [    Test worker] .b.t.c.SpringBootTestContextBootstrapper : Loaded default TestExecutionListener class names from location [META-INF/spring.factories]: [org.springframework.security.test.context.support.WithSecurityContextTestExecutionListener, org.springframework.security.test.context.support.ReactorContextTestExecutionListener, org.springframework.boot.test.autoconfigure.restdocs.RestDocsTestExecutionListener, org.springframework.boot.test.autoconfigure.web.client.MockRestServiceServerResetTestExecutionListener, org.springframework.boot.test.autoconfigure.web.servlet.MockMvcPrintOnlyOnFailureTestExecutionListener, org.springframework.boot.test.autoconfigure.web.servlet.WebDriverTestExecutionListener, org.springframework.boot.test.mock.mockito.MockitoTestExecutionListener, org.springframework.boot.test.mock.mockito.ResetMocksTestExecutionListener, org.springframework.test.context.web.ServletTestExecutionListener, org.springframework.test.context.support.DirtiesContextBeforeModesTestExecutionListener, org.springframework.test.context.support.DependencyInjectionTestExecutionListener, org.springframework.test.context.support.DirtiesContextTestExecutionListener, org.springframework.test.context.transaction.TransactionalTestExecutionListener, org.springframework.test.context.jdbc.SqlScriptsTestExecutionListener]
2020-12-04 02:28:22.671  INFO 21104 --- [    Test worker] .b.t.c.SpringBootTestContextBootstrapper : Using TestExecutionListeners: [org.springframework.test.context.web.ServletTestExecutionListener@5f2606da, org.springframework.test.context.support.DirtiesContextBeforeModesTestExecutionListener@691f5494, org.springframework.boot.test.mock.mockito.MockitoTestExecutionListener@348c0b2c, org.springframework.boot.test.autoconfigure.SpringBootDependencyInjectionTestExecutionListener@22ead2c6, org.springframework.test.context.support.DirtiesContextTestExecutionListener@4d950097, org.springframework.test.context.transaction.TransactionalTestExecutionListener@5e3d5645, org.springframework.test.context.jdbc.SqlScriptsTestExecutionListener@a3cf3c5, org.springframework.security.test.context.support.WithSecurityContextTestExecutionListener@7eb46ca6, org.springframework.security.test.context.support.ReactorContextTestExecutionListener@1b405a5f, org.springframework.boot.test.autoconfigure.restdocs.RestDocsTestExecutionListener@2ffbb80c, org.springframework.boot.test.autoconfigure.web.client.MockRestServiceServerResetTestExecutionListener@42b4d4ed, org.springframework.boot.test.autoconfigure.web.servlet.MockMvcPrintOnlyOnFailureTestExecutionListener@1f385141, org.springframework.boot.test.autoconfigure.web.servlet.WebDriverTestExecutionListener@633625b, org.springframework.boot.test.mock.mockito.ResetMocksTestExecutionListener@747a9149]

  .   ____          _            __ _ _
 /\\ / ___'_ __ _ _(_)_ __  __ _ \ \ \ \
( ( )\___ | '_ | '_| | '_ \/ _` | \ \ \ \
 \\/  ___)| |_)| | | | | || (_| |  ) ) ) )
  '  |____| .__|_| |_|_| |_\__, | / / / /
 =========|_|==============|___/=/_/_/_/
 :: Spring Boot ::        (v2.1.7.RELEASE)

2020-12-04 02:28:22.747  INFO 21104 --- [    Test worker] com.example.web.IndexControllerTest      : Starting IndexControllerTest on DESKTOP-T0VS20O with PID 21104 (started by Lee-Gi-Su in C:\Users\Lee-Gi-Su\IdeaProjects\springboot-board)
2020-12-04 02:28:22.748  INFO 21104 --- [    Test worker] com.example.web.IndexControllerTest      : No active profile set, falling back to default profiles: default
2020-12-04 02:28:23.197  INFO 21104 --- [    Test worker] .s.d.r.c.RepositoryConfigurationDelegate : Bootstrapping Spring Data repositories in DEFAULT mode.
2020-12-04 02:28:23.245  INFO 21104 --- [    Test worker] .s.d.r.c.RepositoryConfigurationDelegate : Finished Spring Data repository scanning in 48ms. Found 2 repository interfaces.
2020-12-04 02:28:23.382  INFO 21104 --- [    Test worker] trationDelegate$BeanPostProcessorChecker : Bean 'org.springframework.transaction.annotation.ProxyTransactionManagementConfiguration' of type [org.springframework.transaction.annotation.ProxyTransactionManagementConfiguration$$EnhancerBySpringCGLIB$$2a3f55] is not eligible for getting processed by all BeanPostProcessors (for example: not eligible for auto-proxying)
2020-12-04 02:28:23.727  INFO 21104 --- [    Test worker] o.s.b.w.embedded.tomcat.TomcatWebServer  : Tomcat initialized with port(s): 0 (http)
2020-12-04 02:28:23.769  INFO 21104 --- [    Test worker] o.apache.catalina.core.StandardService   : Starting service [Tomcat]
2020-12-04 02:28:23.770  INFO 21104 --- [    Test worker] org.apache.catalina.core.StandardEngine  : Starting Servlet engine: [Apache Tomcat/9.0.22]
2020-12-04 02:28:24.025  INFO 21104 --- [    Test worker] o.a.c.c.C.[Tomcat].[localhost].[/]       : Initializing Spring embedded WebApplicationContext
2020-12-04 02:28:24.025  INFO 21104 --- [    Test worker] o.s.web.context.ContextLoader            : Root WebApplicationContext: initialization completed in 1260 ms
2020-12-04 02:28:24.309  INFO 21104 --- [    Test worker] com.zaxxer.hikari.HikariDataSource       : HikariPool-2 - Starting...
2020-12-04 02:28:24.311  INFO 21104 --- [    Test worker] com.zaxxer.hikari.HikariDataSource       : HikariPool-2 - Start completed.
2020-12-04 02:28:24.372  INFO 21104 --- [    Test worker] o.hibernate.jpa.internal.util.LogHelper  : HHH000204: Processing PersistenceUnitInfo [
	name: default
	...]
2020-12-04 02:28:24.391  INFO 21104 --- [    Test worker] org.hibernate.dialect.Dialect            : HHH000400: Using dialect: org.hibernate.dialect.MySQL5InnoDBDialect
Hibernate: alter table posts drop foreign key FKam8ar6luvp8afhfu20gfsydo9
Hibernate: drop table if exists posts
Hibernate: drop table if exists user
Hibernate: create table posts (id bigint not null auto_increment, create_date datetime, modified_date datetime, author varchar(255), content Text not null, title varchar(500) not null, user_id bigint, primary key (id)) engine=InnoDB
Hibernate: create table user (user_id bigint not null auto_increment, create_date datetime, modified_date datetime, email varchar(255) not null, name varchar(255) not null, picture varchar(255), role varchar(255) not null, primary key (user_id)) engine=InnoDB
Hibernate: alter table posts add constraint FKam8ar6luvp8afhfu20gfsydo9 foreign key (user_id) references user (user_id)
2020-12-04 02:28:24.469  INFO 21104 --- [    Test worker] o.h.t.schema.internal.SchemaCreatorImpl  : HHH000476: Executing import script 'org.hibernate.tool.schema.internal.exec.ScriptSourceInputNonExistentImpl@44646b6d'
2020-12-04 02:28:24.470  INFO 21104 --- [    Test worker] j.LocalContainerEntityManagerFactoryBean : Initialized JPA EntityManagerFactory for persistence unit 'default'
2020-12-04 02:28:25.119  INFO 21104 --- [    Test worker] o.h.h.i.QueryTranslatorFactoryInitiator  : HHH000397: Using ASTQueryTranslatorFactory
2020-12-04 02:28:25.459  INFO 21104 --- [    Test worker] o.s.s.web.DefaultSecurityFilterChain     : Creating filter chain: any request, [org.springframework.security.web.context.request.async.WebAsyncManagerIntegrationFilter@1b5526db, org.springframework.security.web.context.SecurityContextPersistenceFilter@1aa5009, org.springframework.security.web.header.HeaderWriterFilter@6c528843, org.springframework.security.web.authentication.logout.LogoutFilter@75c6eaaf, org.springframework.security.oauth2.client.web.OAuth2AuthorizationRequestRedirectFilter@38d31ecd, org.springframework.security.oauth2.client.web.OAuth2LoginAuthenticationFilter@2dcfc9e4, org.springframework.security.web.authentication.ui.DefaultLoginPageGeneratingFilter@263fdc79, org.springframework.security.web.authentication.ui.DefaultLogoutPageGeneratingFilter@420e8ea8, org.springframework.security.web.savedrequest.RequestCacheAwareFilter@43fa33eb, org.springframework.security.web.servletapi.SecurityContextHolderAwareRequestFilter@3b92ab47, org.springframework.security.web.authentication.AnonymousAuthenticationFilter@628bc552, org.springframework.security.web.session.SessionManagementFilter@18b0b01c, org.springframework.security.web.access.ExceptionTranslationFilter@3c9fd1b6, org.springframework.security.web.access.intercept.FilterSecurityInterceptor@4cba930]
2020-12-04 02:28:25.842  INFO 21104 --- [    Test worker] o.s.s.concurrent.ThreadPoolTaskExecutor  : Initializing ExecutorService 'applicationTaskExecutor'
2020-12-04 02:28:25.866  WARN 21104 --- [    Test worker] aWebConfiguration$JpaWebMvcConfiguration : spring.jpa.open-in-view is enabled by default. Therefore, database queries may be performed during view rendering. Explicitly configure spring.jpa.open-in-view to disable this warning
2020-12-04 02:28:25.928  INFO 21104 --- [    Test worker] o.s.b.a.w.s.WelcomePageHandlerMapping    : Adding welcome page template: index
2020-12-04 02:28:26.364  INFO 21104 --- [    Test worker] s.a.ScheduledAnnotationBeanPostProcessor : No TaskScheduler/ScheduledExecutorService bean found for scheduled processing
2020-12-04 02:28:26.388  INFO 21104 --- [    Test worker] o.s.b.w.embedded.tomcat.TomcatWebServer  : Tomcat started on port(s): 55497 (http) with context path ''
2020-12-04 02:28:26.390  INFO 21104 --- [    Test worker] com.example.web.IndexControllerTest      : Started IndexControllerTest in 3.715 seconds (JVM running for 18.034)
2020-12-04 02:28:26.486  INFO 21104 --- [o-auto-1-exec-1] o.a.c.c.C.[Tomcat].[localhost].[/]       : Initializing Spring DispatcherServlet 'dispatcherServlet'
2020-12-04 02:28:26.487  INFO 21104 --- [o-auto-1-exec-1] o.s.web.servlet.DispatcherServlet        : Initializing Servlet 'dispatcherServlet'
2020-12-04 02:28:26.506  INFO 21104 --- [o-auto-1-exec-1] o.s.web.servlet.DispatcherServlet        : Completed initialization in 19 ms
Authorization Header ::: null
Hibernate: select posts0_.id as id1_0_, posts0_.create_date as create_d2_0_, posts0_.modified_date as modified3_0_, posts0_.author as author4_0_, posts0_.content as content5_0_, posts0_.title as title6_0_, posts0_.user_id as user_id7_0_ from posts posts0_ order by posts0_.id DESC
]]></system-out>
  <system-err><![CDATA[]]></system-err>
</testsuite>
