<?xml version="1.0" encoding="UTF-8"?>
<testsuite name="com.example.web.dto.HelloResponseDtoTest" tests="1" skipped="0" failures="0" errors="0" timestamp="2020-11-22T16:12:18" hostname="DESKTOP-T0VS20O" time="0.066">
  <properties/>
  <testcase name="lombok_test" classname="com.example.web.dto.HelloResponseDtoTest" time="0.066"/>
  <system-out><![CDATA[]]></system-out>
  <system-err><![CDATA[]]></system-err>
</testsuite>
