<?xml version="1.0" encoding="UTF-8"?>
<testsuite name="com.example.web.ProfileControllerTest" tests="1" skipped="0" failures="0" errors="0" timestamp="2020-12-02T18:21:32" hostname="DESKTOP-T0VS20O" time="0.016">
  <properties/>
  <testcase name="profile은_인증없이_호출된다" classname="com.example.web.ProfileControllerTest" time="0.016"/>
  <system-out><![CDATA[2020-12-03 03:21:32.778  INFO 1452 --- [    Test worker] .b.t.c.SpringBootTestContextBootstrapper : Neither @ContextConfiguration nor @ContextHierarchy found for test class [com.example.web.ProfileControllerTest], using SpringBootContextLoader
2020-12-03 03:21:32.780  INFO 1452 --- [    Test worker] o.s.t.c.support.AbstractContextLoader    : Could not detect default resource locations for test class [com.example.web.ProfileControllerTest]: no resource found for suffixes {-context.xml, Context.groovy}.
2020-12-03 03:21:32.780  INFO 1452 --- [    Test worker] t.c.s.AnnotationConfigContextLoaderUtils : Could not detect default configuration classes for test class [com.example.web.ProfileControllerTest]: ProfileControllerTest does not declare any static, non-private, non-final, nested classes annotated with @Configuration.
2020-12-03 03:21:32.782  INFO 1452 --- [    Test worker] .b.t.c.SpringBootTestContextBootstrapper : Found @SpringBootConfiguration com.example.Main for test class com.example.web.ProfileControllerTest
2020-12-03 03:21:32.784  INFO 1452 --- [    Test worker] .b.t.c.SpringBootTestContextBootstrapper : Loaded default TestExecutionListener class names from location [META-INF/spring.factories]: [org.springframework.security.test.context.support.WithSecurityContextTestExecutionListener, org.springframework.security.test.context.support.ReactorContextTestExecutionListener, org.springframework.boot.test.autoconfigure.restdocs.RestDocsTestExecutionListener, org.springframework.boot.test.autoconfigure.web.client.MockRestServiceServerResetTestExecutionListener, org.springframework.boot.test.autoconfigure.web.servlet.MockMvcPrintOnlyOnFailureTestExecutionListener, org.springframework.boot.test.autoconfigure.web.servlet.WebDriverTestExecutionListener, org.springframework.boot.test.mock.mockito.MockitoTestExecutionListener, org.springframework.boot.test.mock.mockito.ResetMocksTestExecutionListener, org.springframework.test.context.web.ServletTestExecutionListener, org.springframework.test.context.support.DirtiesContextBeforeModesTestExecutionListener, org.springframework.test.context.support.DependencyInjectionTestExecutionListener, org.springframework.test.context.support.DirtiesContextTestExecutionListener, org.springframework.test.context.transaction.TransactionalTestExecutionListener, org.springframework.test.context.jdbc.SqlScriptsTestExecutionListener]
2020-12-03 03:21:32.785  INFO 1452 --- [    Test worker] .b.t.c.SpringBootTestContextBootstrapper : Using TestExecutionListeners: [org.springframework.test.context.web.ServletTestExecutionListener@5fd65f52, org.springframework.test.context.support.DirtiesContextBeforeModesTestExecutionListener@7b6e0b99, org.springframework.boot.test.mock.mockito.MockitoTestExecutionListener@40eb1a90, org.springframework.boot.test.autoconfigure.SpringBootDependencyInjectionTestExecutionListener@29c491a1, org.springframework.test.context.support.DirtiesContextTestExecutionListener@44856704, org.springframework.test.context.transaction.TransactionalTestExecutionListener@4f3c8ece, org.springframework.test.context.jdbc.SqlScriptsTestExecutionListener@571b2223, org.springframework.security.test.context.support.WithSecurityContextTestExecutionListener@5adff8f8, org.springframework.security.test.context.support.ReactorContextTestExecutionListener@358d19e0, org.springframework.boot.test.autoconfigure.restdocs.RestDocsTestExecutionListener@1e6cab61, org.springframework.boot.test.autoconfigure.web.client.MockRestServiceServerResetTestExecutionListener@10e888b5, org.springframework.boot.test.autoconfigure.web.servlet.MockMvcPrintOnlyOnFailureTestExecutionListener@35d5aa68, org.springframework.boot.test.autoconfigure.web.servlet.WebDriverTestExecutionListener@68caf72b, org.springframework.boot.test.mock.mockito.ResetMocksTestExecutionListener@13066ef0]
]]></system-out>
  <system-err><![CDATA[]]></system-err>
</testsuite>
