<?xml version="1.0" encoding="UTF-8"?>
<testsuite name="com.example.web.ProfileControllerUnitTest" tests="3" skipped="0" failures="0" errors="0" timestamp="2020-12-06T13:21:52" hostname="DESKTOP-T0VS20O" time="0.003">
  <properties/>
  <testcase name="active_profile이_없으면_default가_조회된다" classname="com.example.web.ProfileControllerUnitTest" time="0.002"/>
  <testcase name="real_profile이_없으면_첫번째가_조회된다" classname="com.example.web.ProfileControllerUnitTest" time="0.0"/>
  <testcase name="real_profile이_조회된다" classname="com.example.web.ProfileControllerUnitTest" time="0.0"/>
  <system-out><![CDATA[]]></system-out>
  <system-err><![CDATA[]]></system-err>
</testsuite>
