<?xml version="1.0" encoding="UTF-8"?>
<testsuite name="com.example.web.PostsApiControllerTest" tests="2" skipped="0" failures="0" errors="0" timestamp="2020-11-29T11:08:14" hostname="DESKTOP-T0VS20O" time="0.265">
  <properties/>
  <testcase name="Posts_등록된다" classname="com.example.web.PostsApiControllerTest" time="0.2"/>
  <testcase name="Posts_수정된다" classname="com.example.web.PostsApiControllerTest" time="0.064"/>
  <system-out><![CDATA[2020-11-29 20:08:14.461  INFO 21736 --- [    Test worker] .b.t.c.SpringBootTestContextBootstrapper : Neither @ContextConfiguration nor @ContextHierarchy found for test class [com.example.web.PostsApiControllerTest], using SpringBootContextLoader
2020-11-29 20:08:14.464  INFO 21736 --- [    Test worker] o.s.t.c.support.AbstractContextLoader    : Could not detect default resource locations for test class [com.example.web.PostsApiControllerTest]: no resource found for suffixes {-context.xml, Context.groovy}.
2020-11-29 20:08:14.464  INFO 21736 --- [    Test worker] t.c.s.AnnotationConfigContextLoaderUtils : Could not detect default configuration classes for test class [com.example.web.PostsApiControllerTest]: PostsApiControllerTest does not declare any static, non-private, non-final, nested classes annotated with @Configuration.
2020-11-29 20:08:14.469  INFO 21736 --- [    Test worker] .b.t.c.SpringBootTestContextBootstrapper : Found @SpringBootConfiguration com.example.Main for test class com.example.web.PostsApiControllerTest
2020-11-29 20:08:14.472  INFO 21736 --- [    Test worker] .b.t.c.SpringBootTestContextBootstrapper : Loaded default TestExecutionListener class names from location [META-INF/spring.factories]: [org.springframework.security.test.context.support.WithSecurityContextTestExecutionListener, org.springframework.security.test.context.support.ReactorContextTestExecutionListener, org.springframework.boot.test.autoconfigure.restdocs.RestDocsTestExecutionListener, org.springframework.boot.test.autoconfigure.web.client.MockRestServiceServerResetTestExecutionListener, org.springframework.boot.test.autoconfigure.web.servlet.MockMvcPrintOnlyOnFailureTestExecutionListener, org.springframework.boot.test.autoconfigure.web.servlet.WebDriverTestExecutionListener, org.springframework.boot.test.mock.mockito.MockitoTestExecutionListener, org.springframework.boot.test.mock.mockito.ResetMocksTestExecutionListener, org.springframework.test.context.web.ServletTestExecutionListener, org.springframework.test.context.support.DirtiesContextBeforeModesTestExecutionListener, org.springframework.test.context.support.DependencyInjectionTestExecutionListener, org.springframework.test.context.support.DirtiesContextTestExecutionListener, org.springframework.test.context.transaction.TransactionalTestExecutionListener, org.springframework.test.context.jdbc.SqlScriptsTestExecutionListener]
2020-11-29 20:08:14.475  INFO 21736 --- [    Test worker] .b.t.c.SpringBootTestContextBootstrapper : Using TestExecutionListeners: [org.springframework.test.context.web.ServletTestExecutionListener@35cae735, org.springframework.test.context.support.DirtiesContextBeforeModesTestExecutionListener@1e5da5fc, org.springframework.boot.test.mock.mockito.MockitoTestExecutionListener@628ebbd6, org.springframework.boot.test.autoconfigure.SpringBootDependencyInjectionTestExecutionListener@7a2c21f6, org.springframework.test.context.support.DirtiesContextTestExecutionListener@18bd92c9, org.springframework.test.context.transaction.TransactionalTestExecutionListener@6bbca667, org.springframework.test.context.jdbc.SqlScriptsTestExecutionListener@7cfbf0cd, org.springframework.security.test.context.support.WithSecurityContextTestExecutionListener@67c34d35, org.springframework.security.test.context.support.ReactorContextTestExecutionListener@131cb0de, org.springframework.boot.test.autoconfigure.restdocs.RestDocsTestExecutionListener@1d1db344, org.springframework.boot.test.autoconfigure.web.client.MockRestServiceServerResetTestExecutionListener@3ec355b2, org.springframework.boot.test.autoconfigure.web.servlet.MockMvcPrintOnlyOnFailureTestExecutionListener@43140dba, org.springframework.boot.test.autoconfigure.web.servlet.WebDriverTestExecutionListener@35f8cf46, org.springframework.boot.test.mock.mockito.ResetMocksTestExecutionListener@458fcd2e]
2020-11-29 20:08:14.497  INFO 21736 --- [    Test worker] o.a.c.c.C.[Tomcat].[localhost].[/]       : Initializing Spring TestDispatcherServlet ''
2020-11-29 20:08:14.497  INFO 21736 --- [    Test worker] o.s.t.web.servlet.TestDispatcherServlet  : Initializing Servlet ''
2020-11-29 20:08:14.506  INFO 21736 --- [    Test worker] o.s.t.web.servlet.TestDispatcherServlet  : Completed initialization in 9 ms
Hibernate: insert into posts (create_date, modified_date, author, content, title) values (?, ?, ?, ?, ?)
Hibernate: select posts0_.id as id1_0_, posts0_.create_date as create_d2_0_, posts0_.modified_date as modified3_0_, posts0_.author as author4_0_, posts0_.content as content5_0_, posts0_.title as title6_0_ from posts posts0_
Hibernate: select posts0_.id as id1_0_, posts0_.create_date as create_d2_0_, posts0_.modified_date as modified3_0_, posts0_.author as author4_0_, posts0_.content as content5_0_, posts0_.title as title6_0_ from posts posts0_
Hibernate: delete from posts where id=?
2020-11-29 20:08:14.693  INFO 21736 --- [    Test worker] o.a.c.c.C.[Tomcat].[localhost].[/]       : Initializing Spring TestDispatcherServlet ''
2020-11-29 20:08:14.693  INFO 21736 --- [    Test worker] o.s.t.web.servlet.TestDispatcherServlet  : Initializing Servlet ''
2020-11-29 20:08:14.697  INFO 21736 --- [    Test worker] o.s.t.web.servlet.TestDispatcherServlet  : Completed initialization in 4 ms
Hibernate: insert into posts (create_date, modified_date, author, content, title) values (?, ?, ?, ?, ?)
Hibernate: select posts0_.id as id1_0_0_, posts0_.create_date as create_d2_0_0_, posts0_.modified_date as modified3_0_0_, posts0_.author as author4_0_0_, posts0_.content as content5_0_0_, posts0_.title as title6_0_0_ from posts posts0_ where posts0_.id=?
Hibernate: select posts0_.id as id1_0_, posts0_.create_date as create_d2_0_, posts0_.modified_date as modified3_0_, posts0_.author as author4_0_, posts0_.content as content5_0_, posts0_.title as title6_0_ from posts posts0_
Hibernate: select posts0_.id as id1_0_, posts0_.create_date as create_d2_0_, posts0_.modified_date as modified3_0_, posts0_.author as author4_0_, posts0_.content as content5_0_, posts0_.title as title6_0_ from posts posts0_
Hibernate: delete from posts where id=?
]]></system-out>
  <system-err><![CDATA[]]></system-err>
</testsuite>
